Job 826622 started on nodecpu02 at Thu May 14 11:35:38 CEST 2026
Allocated CPUs: 48
nproc: 48
Memory limit (cgroup): n/a
CPU model: AMD EPYC 7F72 24-Core Processor
               total        used        free      shared  buff/cache   available
Mem:           754Gi        16Gi       731Gi       4.8Mi        11Gi       738Gi
Swap:           31Gi          0B        31Gi
---
[2026-05-14 11:35] Host: nodecpu02
[2026-05-14 11:35] PID:  583891
[2026-05-14 11:35] Python: 3.11.13
[2026-05-14 11:35] ANTsPy: 0.6.3
[2026-05-14 11:35] os.cpu_count(): 96
[2026-05-14 11:35] SLURM_CPUS_PER_TASK: 48
[2026-05-14 11:35] len(os.sched_getaffinity(0)): 48
[2026-05-14 11:35] Total RAM: 810.6 GB, available: 793.3 GB
[2026-05-14 11:35] ResourceMonitor started (every 30s).
[2026-05-14 11:35] === STAGE START: 1: discover input files ===
[2026-05-14 11:35] Selected 120 of 120 files.
[2026-05-14 11:35] === STAGE END:   1: discover input files  (elapsed 0h00m00.01s) ===
[2026-05-14 11:35] === STAGE START: 2: prepare output folder ===
[2026-05-14 11:35] Output folder: /home/ids/gmargari-24/airway_project/Data/Registered_on_Template_22_23/Groupwise_non_linear_registered/AIIB23
[2026-05-14 11:35] === STAGE END:   2: prepare output folder  (elapsed 0h00m00.00s) ===
[2026-05-14 11:35] === STAGE START: 3+4: reuse existing template (skipping groupwise build) ===
[2026-05-14 11:35] Loaded template from /home/ids/gmargari-24/airway_project/Data/Templates/template_22_23.nii.gz  shape=(512, 512, 679)
[2026-05-14 11:35] === STAGE END:   3+4: reuse existing template (skipping groupwise build)  (elapsed 0h00m00.78s) ===
[2026-05-14 11:35] === STAGE START: 5: SyN registration (120 images, 12 workers x 4 threads) ===
[worker 584495] START  AIIB23_100_R.nii.gz
[worker 584487] START  AIIB23_101_R.nii.gz
[worker 584499] START  AIIB23_102_R.nii.gz
[worker 584494] START  AIIB23_103_R.nii.gz
[worker 584497] START  AIIB23_104_R.nii.gz
[worker 584485] START  AIIB23_105_R.nii.gz
[worker 584482] START  AIIB23_106_R.nii.gz
[worker 584498] START  AIIB23_107_R.nii.gz
[worker 584489] START  AIIB23_108_R.nii.gz
[worker 584488] START  AIIB23_109_R.nii.gz
[worker 584500] START  AIIB23_110_R.nii.gz
[worker 584486] START  AIIB23_111_R.nii.gz
[2026-05-14 11:36] [monitor] elapsed=   0.5min  workers=13  tree_rss=158.84GB  node_avail=635.60GB  cpu= 35.4%
[2026-05-14 11:36] [monitor] elapsed=   1.0min  workers=13  tree_rss=181.45GB  node_avail=611.30GB  cpu= 47.5%
[2026-05-14 11:37] [monitor] elapsed=   1.5min  workers=13  tree_rss=183.50GB  node_avail=610.46GB  cpu= 46.6%
[2026-05-14 11:37] [monitor] elapsed=   2.0min  workers=13  tree_rss=186.22GB  node_avail=607.34GB  cpu= 46.9%
[2026-05-14 11:38] [monitor] elapsed=   2.5min  workers=13  tree_rss=215.36GB  node_avail=577.46GB  cpu= 49.0%
[2026-05-14 11:38] [monitor] elapsed=   3.0min  workers=13  tree_rss=257.99GB  node_avail=535.35GB  cpu= 47.5%
[2026-05-14 11:39] [monitor] elapsed=   3.5min  workers=13  tree_rss=274.41GB  node_avail=518.68GB  cpu= 47.9%
[2026-05-14 11:39] [monitor] elapsed=   4.0min  workers=13  tree_rss=317.25GB  node_avail=476.50GB  cpu= 48.3%
[2026-05-14 11:40] [monitor] elapsed=   4.5min  workers=13  tree_rss=360.15GB  node_avail=432.48GB  cpu= 49.0%
[2026-05-14 11:40] [monitor] elapsed=   5.0min  workers=13  tree_rss=363.06GB  node_avail=429.86GB  cpu= 47.8%
[2026-05-14 11:41] [monitor] elapsed=   5.5min  workers=13  tree_rss=354.74GB  node_avail=437.97GB  cpu= 48.0%
[2026-05-14 11:41] [monitor] elapsed=   6.0min  workers=13  tree_rss=373.01GB  node_avail=420.70GB  cpu= 48.4%
[2026-05-14 11:42] [monitor] elapsed=   6.5min  workers=13  tree_rss=370.27GB  node_avail=423.06GB  cpu= 47.3%
[2026-05-14 11:42] [monitor] elapsed=   7.0min  workers=13  tree_rss=360.95GB  node_avail=431.47GB  cpu= 49.0%
[2026-05-14 11:43] [monitor] elapsed=   7.5min  workers=13  tree_rss=372.39GB  node_avail=421.34GB  cpu= 48.0%
[2026-05-14 11:43] [monitor] elapsed=   8.0min  workers=13  tree_rss=351.54GB  node_avail=441.42GB  cpu= 48.1%
[2026-05-14 11:44] [monitor] elapsed=   8.5min  workers=13  tree_rss=367.29GB  node_avail=426.19GB  cpu= 48.5%
