Python 3.11.13 loaded
Commands: python, python3, pip, pip3
Pip cache: /tmp/pip_cache_gmargari-24
2026-06-26 14:49:03,436 INFO| Config: {'batch_size': 6, 'max_epochs': 300, 'reg': 0.002, 'flip_prob': 0.2, 'checkpoint_every_nth': 5, 'num_latents': 32, 'gamma': 0.99, 'use_kl': True, 'num_workers': 7, 'seed': 0, 'beta': 16.0, 'augment': False}
2026-06-26 14:49:03,607 INFO| Device: cuda
2026-06-26 14:49:03,613 INFO| Found 419 .nii.gz files across 2 directories
2026-06-26 14:49:03,613 INFO| Train set: 419 files (x2 with augmentation) -> 419 samples per epoch
2026-06-26 14:49:07,030 INFO| Model: VoxelVAE128, 69726566 params (69.73 M)
2026-06-26 14:49:07,031 INFO| Initial learning rate: 1e-05
2026-06-26 14:49:25,531 INFO| Epoch 0/299  lr=1e-05  β=16.000  v_loss=24079.4880  D_kl=241.4384  acc=0.5083  tp=0.5282  tn=0.5082  (18.5s)
2026-06-26 14:49:25,531 INFO| Changing learning rate from 1e-05 to 0.0005
2026-06-26 14:49:39,189 INFO| Epoch 1/299  lr=0.0005  β=16.000  v_loss=18027.2781  D_kl=10792999.9937  acc=0.6895  tp=0.9202  tn=0.6885  (13.7s)
2026-06-26 14:49:52,605 INFO| Epoch 2/299  lr=0.0005  β=16.000  v_loss=16076.7861  D_kl=36202.5634  acc=0.7989  tp=0.9596  tn=0.7982  (13.4s)
2026-06-26 14:50:06,160 INFO| Epoch 3/299  lr=0.0005  β=16.000  v_loss=15441.9900  D_kl=50090.3024  acc=0.8177  tp=0.9670  tn=0.8170  (13.6s)
2026-06-26 14:50:19,774 INFO| Epoch 4/299  lr=0.0005  β=16.000  v_loss=14905.8036  D_kl=587877.8728  acc=0.8401  tp=0.9714  tn=0.8395  (13.6s)
2026-06-26 14:50:33,283 INFO| Epoch 5/299  lr=0.0005  β=16.000  v_loss=14503.7465  D_kl=4038.0177  acc=0.8571  tp=0.9696  tn=0.8566  (13.5s)
2026-06-26 14:50:47,022 INFO| Epoch 6/299  lr=0.0005  β=16.000  v_loss=14241.6115  D_kl=4058.2878  acc=0.8613  tp=0.9675  tn=0.8608  (13.7s)
2026-06-26 14:51:00,419 INFO| Epoch 7/299  lr=0.0005  β=16.000  v_loss=13879.9266  D_kl=586677.1107  acc=0.8730  tp=0.9684  tn=0.8726  (13.4s)
2026-06-26 14:51:13,954 INFO| Epoch 8/299  lr=0.0005  β=16.000  v_loss=13614.8276  D_kl=59759.1600  acc=0.8762  tp=0.9659  tn=0.8759  (13.5s)
2026-06-26 14:51:27,503 INFO| Epoch 9/299  lr=0.0005  β=16.000  v_loss=13342.4641  D_kl=125.4720  acc=0.8797  tp=0.9653  tn=0.8793  (13.5s)
2026-06-26 14:51:41,076 INFO| Epoch 10/299  lr=0.0005  β=16.000  v_loss=13098.0906  D_kl=73.8040  acc=0.8843  tp=0.9626  tn=0.8839  (13.6s)
2026-06-26 14:51:54,561 INFO| Epoch 11/299  lr=0.0005  β=16.000  v_loss=12818.9726  D_kl=86.5183  acc=0.8892  tp=0.9629  tn=0.8889  (13.5s)
2026-06-26 14:52:08,027 INFO| Epoch 12/299  lr=0.0005  β=16.000  v_loss=12532.9335  D_kl=78.4897  acc=0.8933  tp=0.9638  tn=0.8930  (13.5s)
2026-06-26 14:52:21,725 INFO| Epoch 13/299  lr=0.0005  β=16.000  v_loss=12274.4960  D_kl=76.8924  acc=0.8998  tp=0.9623  tn=0.8995  (13.7s)
2026-06-26 14:52:35,057 INFO| Epoch 14/299  lr=0.0005  β=16.000  v_loss=12066.2490  D_kl=177.4428  acc=0.9006  tp=0.9605  tn=0.9003  (13.3s)
2026-06-26 14:52:48,494 INFO| Epoch 15/299  lr=0.0005  β=16.000  v_loss=11889.2588  D_kl=107.1738  acc=0.9025  tp=0.9576  tn=0.9022  (13.4s)
2026-06-26 14:53:02,224 INFO| Epoch 16/299  lr=0.0005  β=16.000  v_loss=11638.8965  D_kl=60.3409  acc=0.9043  tp=0.9596  tn=0.9041  (13.7s)
2026-06-26 14:53:15,587 INFO| Epoch 17/299  lr=0.0005  β=16.000  v_loss=11453.3782  D_kl=51.4015  acc=0.9062  tp=0.9572  tn=0.9060  (13.4s)
2026-06-26 14:53:29,168 INFO| Epoch 18/299  lr=0.0005  β=16.000  v_loss=11230.3903  D_kl=55.4700  acc=0.9078  tp=0.9578  tn=0.9076  (13.6s)
2026-06-26 14:53:42,726 INFO| Epoch 19/299  lr=0.0005  β=16.000  v_loss=11016.6173  D_kl=61.2831  acc=0.9124  tp=0.9559  tn=0.9122  (13.6s)
2026-06-26 14:53:56,245 INFO| Epoch 20/299  lr=0.0005  β=16.000  v_loss=10834.8599  D_kl=78.5642  acc=0.9131  tp=0.9557  tn=0.9130  (13.5s)
2026-06-26 14:54:09,626 INFO| Epoch 21/299  lr=0.0005  β=16.000  v_loss=10666.3087  D_kl=149.8206  acc=0.9120  tp=0.9557  tn=0.9118  (13.4s)
2026-06-26 14:54:23,212 INFO| Epoch 22/299  lr=0.0005  β=16.000  v_loss=10464.7888  D_kl=69.5042  acc=0.9157  tp=0.9552  tn=0.9155  (13.6s)
2026-06-26 14:54:36,640 INFO| Epoch 23/299  lr=0.0005  β=16.000  v_loss=10314.0756  D_kl=46.8001  acc=0.9156  tp=0.9532  tn=0.9155  (13.4s)
2026-06-26 14:54:50,056 INFO| Epoch 24/299  lr=0.0005  β=16.000  v_loss=10131.7100  D_kl=47.0191  acc=0.9181  tp=0.9530  tn=0.9179  (13.4s)
2026-06-26 14:55:03,490 INFO| Epoch 25/299  lr=0.0005  β=16.000  v_loss=9954.2005  D_kl=457.1313  acc=0.9191  tp=0.9534  tn=0.9189  (13.4s)
2026-06-26 14:55:16,968 INFO| Epoch 26/299  lr=0.0005  β=16.000  v_loss=9827.8288  D_kl=117.0062  acc=0.9195  tp=0.9518  tn=0.9193  (13.5s)
2026-06-26 14:55:30,674 INFO| Epoch 27/299  lr=0.0005  β=16.000  v_loss=9666.5985  D_kl=53.8255  acc=0.9207  tp=0.9515  tn=0.9205  (13.7s)
2026-06-26 14:55:44,059 INFO| Epoch 28/299  lr=0.0005  β=16.000  v_loss=9517.6881  D_kl=62.4316  acc=0.9214  tp=0.9514  tn=0.9212  (13.4s)
2026-06-26 14:55:57,578 INFO| Epoch 29/299  lr=0.0005  β=16.000  v_loss=9365.2935  D_kl=68.5078  acc=0.9245  tp=0.9485  tn=0.9244  (13.5s)
2026-06-26 14:56:11,123 INFO| Epoch 30/299  lr=0.0005  β=16.000  v_loss=9248.3378  D_kl=76.4416  acc=0.9224  tp=0.9491  tn=0.9223  (13.5s)
2026-06-26 14:56:24,881 INFO| Epoch 31/299  lr=0.0005  β=16.000  v_loss=9090.4407  D_kl=114.0511  acc=0.9246  tp=0.9485  tn=0.9245  (13.8s)
2026-06-26 14:56:38,424 INFO| Epoch 32/299  lr=0.0005  β=16.000  v_loss=8967.3971  D_kl=1148.1949  acc=0.9260  tp=0.9474  tn=0.9259  (13.5s)
2026-06-26 14:56:52,073 INFO| Epoch 33/299  lr=0.0005  β=16.000  v_loss=8837.1326  D_kl=854.7552  acc=0.9251  tp=0.9493  tn=0.9250  (13.6s)
2026-06-26 14:57:05,677 INFO| Epoch 34/299  lr=0.0005  β=16.000  v_loss=8719.5446  D_kl=121.5016  acc=0.9270  tp=0.9461  tn=0.9269  (13.6s)
2026-06-26 14:57:19,300 INFO| Epoch 35/299  lr=0.0005  β=16.000  v_loss=8570.6169  D_kl=37.9837  acc=0.9274  tp=0.9475  tn=0.9273  (13.6s)
2026-06-26 14:57:32,908 INFO| Epoch 36/299  lr=0.0005  β=16.000  v_loss=8459.1211  D_kl=78.8539  acc=0.9285  tp=0.9462  tn=0.9285  (13.6s)
2026-06-26 14:57:46,491 INFO| Epoch 37/299  lr=0.0005  β=16.000  v_loss=8363.9506  D_kl=71.8809  acc=0.9292  tp=0.9450  tn=0.9292  (13.6s)
2026-06-26 14:58:00,027 INFO| Epoch 38/299  lr=0.0005  β=16.000  v_loss=8233.9429  D_kl=49.5726  acc=0.9293  tp=0.9457  tn=0.9292  (13.5s)
2026-06-26 14:58:13,554 INFO| Epoch 39/299  lr=0.0005  β=16.000  v_loss=8154.7337  D_kl=317.1159  acc=0.9295  tp=0.9442  tn=0.9294  (13.5s)
2026-06-26 14:58:27,087 INFO| Epoch 40/299  lr=0.0005  β=16.000  v_loss=8009.9263  D_kl=49.6064  acc=0.9321  tp=0.9427  tn=0.9320  (13.5s)
2026-06-26 14:58:40,696 INFO| Epoch 41/299  lr=0.0005  β=16.000  v_loss=7967.1452  D_kl=86.4030  acc=0.9295  tp=0.9440  tn=0.9295  (13.6s)
2026-06-26 14:58:54,544 INFO| Epoch 42/299  lr=0.0005  β=16.000  v_loss=7823.5744  D_kl=38.9249  acc=0.9321  tp=0.9426  tn=0.9321  (13.8s)
2026-06-26 14:59:08,025 INFO| Epoch 43/299  lr=0.0005  β=16.000  v_loss=7739.5162  D_kl=50.8275  acc=0.9324  tp=0.9415  tn=0.9323  (13.5s)
2026-06-26 14:59:21,445 INFO| Epoch 44/299  lr=0.0005  β=16.000  v_loss=7619.6207  D_kl=40.1693  acc=0.9324  tp=0.9440  tn=0.9323  (13.4s)
2026-06-26 14:59:34,910 INFO| Epoch 45/299  lr=0.0005  β=16.000  v_loss=7533.1235  D_kl=31.6774  acc=0.9339  tp=0.9410  tn=0.9339  (13.5s)
2026-06-26 14:59:48,399 INFO| Epoch 46/299  lr=0.0005  β=16.000  v_loss=7455.4150  D_kl=41.1720  acc=0.9339  tp=0.9409  tn=0.9339  (13.5s)
2026-06-26 15:00:02,012 INFO| Epoch 47/299  lr=0.0005  β=16.000  v_loss=7367.1412  D_kl=30.2585  acc=0.9339  tp=0.9418  tn=0.9339  (13.6s)
2026-06-26 15:00:15,505 INFO| Epoch 48/299  lr=0.0005  β=16.000  v_loss=7293.0091  D_kl=26.4211  acc=0.9342  tp=0.9403  tn=0.9342  (13.5s)
2026-06-26 15:00:28,945 INFO| Epoch 49/299  lr=0.0005  β=16.000  v_loss=7186.7495  D_kl=115.7833  acc=0.9345  tp=0.9421  tn=0.9345  (13.4s)
2026-06-26 15:00:42,518 INFO| Epoch 50/299  lr=0.0005  β=16.000  v_loss=7129.8103  D_kl=27.6672  acc=0.9357  tp=0.9388  tn=0.9357  (13.6s)
2026-06-26 15:00:56,056 INFO| Epoch 51/299  lr=0.0005  β=16.000  v_loss=7050.4626  D_kl=30.6362  acc=0.9354  tp=0.9393  tn=0.9354  (13.5s)
2026-06-26 15:01:09,574 INFO| Epoch 52/299  lr=0.0005  β=16.000  v_loss=6971.8823  D_kl=35.3846  acc=0.9357  tp=0.9397  tn=0.9357  (13.5s)
2026-06-26 15:01:23,105 INFO| Epoch 53/299  lr=0.0005  β=16.000  v_loss=6872.8431  D_kl=33.6951  acc=0.9363  tp=0.9403  tn=0.9363  (13.5s)
2026-06-26 15:01:36,577 INFO| Epoch 54/299  lr=0.0005  β=16.000  v_loss=6831.5026  D_kl=35.1422  acc=0.9370  tp=0.9378  tn=0.9370  (13.5s)
2026-06-26 15:01:50,231 INFO| Epoch 55/299  lr=0.0005  β=16.000  v_loss=6746.9573  D_kl=41.8682  acc=0.9375  tp=0.9379  tn=0.9375  (13.7s)
2026-06-26 15:02:03,932 INFO| Epoch 56/299  lr=0.0005  β=16.000  v_loss=6671.9255  D_kl=47.4379  acc=0.9372  tp=0.9383  tn=0.9372  (13.7s)
2026-06-26 15:02:17,412 INFO| Epoch 57/299  lr=0.0005  β=16.000  v_loss=6602.5956  D_kl=39.9343  acc=0.9377  tp=0.9384  tn=0.9377  (13.5s)
2026-06-26 15:02:30,836 INFO| Epoch 58/299  lr=0.0005  β=16.000  v_loss=6539.0750  D_kl=33.1630  acc=0.9379  tp=0.9381  tn=0.9379  (13.4s)
2026-06-26 15:02:44,613 INFO| Epoch 59/299  lr=0.0005  β=16.000  v_loss=6473.5610  D_kl=46.1574  acc=0.9387  tp=0.9370  tn=0.9388  (13.8s)
2026-06-26 15:02:58,100 INFO| Epoch 60/299  lr=0.0005  β=16.000  v_loss=6393.2305  D_kl=80.1114  acc=0.9385  tp=0.9391  tn=0.9385  (13.5s)
2026-06-26 15:03:11,613 INFO| Epoch 61/299  lr=0.0005  β=16.000  v_loss=6327.2042  D_kl=49.2233  acc=0.9394  tp=0.9379  tn=0.9394  (13.5s)
2026-06-26 15:03:25,230 INFO| Epoch 62/299  lr=0.0005  β=16.000  v_loss=6308.1569  D_kl=154.6109  acc=0.9391  tp=0.9360  tn=0.9391  (13.6s)
2026-06-26 15:03:38,859 INFO| Epoch 63/299  lr=0.0005  β=16.000  v_loss=6233.4759  D_kl=30.8410  acc=0.9394  tp=0.9369  tn=0.9394  (13.6s)
2026-06-26 15:03:52,349 INFO| Epoch 64/299  lr=0.0005  β=16.000  v_loss=6177.6715  D_kl=778.2571  acc=0.9397  tp=0.9364  tn=0.9397  (13.5s)
2026-06-26 15:04:05,926 INFO| Epoch 65/299  lr=0.0005  β=16.000  v_loss=6139.8597  D_kl=148.5830  acc=0.9398  tp=0.9355  tn=0.9398  (13.6s)
2026-06-26 15:04:19,412 INFO| Epoch 66/299  lr=0.0005  β=16.000  v_loss=6071.0350  D_kl=31.1624  acc=0.9402  tp=0.9359  tn=0.9402  (13.5s)
2026-06-26 15:04:32,921 INFO| Epoch 67/299  lr=0.0005  β=16.000  v_loss=6028.5202  D_kl=27.7208  acc=0.9399  tp=0.9360  tn=0.9399  (13.5s)
2026-06-26 15:04:46,433 INFO| Epoch 68/299  lr=0.0005  β=16.000  v_loss=5960.7607  D_kl=24.2710  acc=0.9416  tp=0.9346  tn=0.9416  (13.5s)
2026-06-26 15:04:59,825 INFO| Epoch 69/299  lr=0.0005  β=16.000  v_loss=5901.7911  D_kl=197.2604  acc=0.9405  tp=0.9374  tn=0.9405  (13.4s)
2026-06-26 15:05:13,295 INFO| Epoch 70/299  lr=0.0005  β=16.000  v_loss=5843.6341  D_kl=31.4038  acc=0.9416  tp=0.9356  tn=0.9416  (13.5s)
2026-06-26 15:05:26,864 INFO| Epoch 71/299  lr=0.0005  β=16.000  v_loss=5841.4420  D_kl=24.7988  acc=0.9413  tp=0.9337  tn=0.9413  (13.6s)
2026-06-26 15:05:40,487 INFO| Epoch 72/299  lr=0.0005  β=16.000  v_loss=5740.0165  D_kl=23.3112  acc=0.9420  tp=0.9364  tn=0.9421  (13.6s)
2026-06-26 15:05:53,914 INFO| Epoch 73/299  lr=0.0005  β=16.000  v_loss=5735.1032  D_kl=43.7885  acc=0.9415  tp=0.9350  tn=0.9415  (13.4s)
2026-06-26 15:06:07,533 INFO| Epoch 74/299  lr=0.0005  β=16.000  v_loss=5683.4877  D_kl=20.9457  acc=0.9422  tp=0.9339  tn=0.9422  (13.6s)
2026-06-26 15:06:20,944 INFO| Epoch 75/299  lr=0.0005  β=16.000  v_loss=5633.5300  D_kl=25.6343  acc=0.9423  tp=0.9346  tn=0.9423  (13.4s)
2026-06-26 15:06:34,616 INFO| Epoch 76/299  lr=0.0005  β=16.000  v_loss=5571.7979  D_kl=420.6072  acc=0.9431  tp=0.9343  tn=0.9431  (13.7s)
2026-06-26 15:06:48,196 INFO| Epoch 77/299  lr=0.0005  β=16.000  v_loss=5554.1583  D_kl=48.5692  acc=0.9422  tp=0.9351  tn=0.9422  (13.6s)
2026-06-26 15:07:01,612 INFO| Epoch 78/299  lr=0.0005  β=16.000  v_loss=5503.4836  D_kl=22.6060  acc=0.9430  tp=0.9336  tn=0.9431  (13.4s)
2026-06-26 15:07:15,102 INFO| Epoch 79/299  lr=0.0005  β=16.000  v_loss=5479.3552  D_kl=35.3216  acc=0.9431  tp=0.9336  tn=0.9431  (13.5s)
2026-06-26 15:07:28,642 INFO| Epoch 80/299  lr=0.0005  β=16.000  v_loss=5435.3562  D_kl=29.3897  acc=0.9436  tp=0.9334  tn=0.9436  (13.5s)
2026-06-26 15:07:42,117 INFO| Epoch 81/299  lr=0.0005  β=16.000  v_loss=5379.3595  D_kl=28.0768  acc=0.9441  tp=0.9334  tn=0.9441  (13.5s)
2026-06-26 15:07:55,507 INFO| Epoch 82/299  lr=0.0005  β=16.000  v_loss=5339.5051  D_kl=21.5526  acc=0.9440  tp=0.9340  tn=0.9440  (13.4s)
2026-06-26 15:08:08,930 INFO| Epoch 83/299  lr=0.0005  β=16.000  v_loss=5289.5125  D_kl=30.5140  acc=0.9445  tp=0.9341  tn=0.9446  (13.4s)
2026-06-26 15:08:22,478 INFO| Epoch 84/299  lr=0.0005  β=16.000  v_loss=5300.4503  D_kl=29.1760  acc=0.9442  tp=0.9325  tn=0.9442  (13.5s)
2026-06-26 15:08:36,055 INFO| Epoch 85/299  lr=0.0005  β=16.000  v_loss=5258.5403  D_kl=21.0253  acc=0.9445  tp=0.9322  tn=0.9446  (13.6s)
2026-06-26 15:08:49,495 INFO| Epoch 86/299  lr=0.0005  β=16.000  v_loss=5219.0915  D_kl=21.2192  acc=0.9443  tp=0.9330  tn=0.9443  (13.4s)
2026-06-26 15:09:02,949 INFO| Epoch 87/299  lr=0.0005  β=16.000  v_loss=5184.1443  D_kl=42.1049  acc=0.9449  tp=0.9323  tn=0.9450  (13.5s)
2026-06-26 15:09:16,377 INFO| Epoch 88/299  lr=0.0005  β=16.000  v_loss=5158.8825  D_kl=19.2035  acc=0.9449  tp=0.9323  tn=0.9449  (13.4s)
2026-06-26 15:09:29,815 INFO| Epoch 89/299  lr=0.0005  β=16.000  v_loss=5125.4136  D_kl=34.4340  acc=0.9450  tp=0.9323  tn=0.9450  (13.4s)
2026-06-26 15:09:43,422 INFO| Epoch 90/299  lr=0.0005  β=16.000  v_loss=5064.8341  D_kl=16.8738  acc=0.9456  tp=0.9327  tn=0.9457  (13.6s)
2026-06-26 15:09:56,814 INFO| Epoch 91/299  lr=0.0005  β=16.000  v_loss=5083.7488  D_kl=21.6468  acc=0.9457  tp=0.9303  tn=0.9458  (13.4s)
2026-06-26 15:10:10,223 INFO| Epoch 92/299  lr=0.0005  β=16.000  v_loss=5035.5393  D_kl=55.2857  acc=0.9456  tp=0.9318  tn=0.9457  (13.4s)
2026-06-26 15:10:23,882 INFO| Epoch 93/299  lr=0.0005  β=16.000  v_loss=5005.1841  D_kl=20.0162  acc=0.9455  tp=0.9325  tn=0.9456  (13.7s)
2026-06-26 15:10:37,345 INFO| Epoch 94/299  lr=0.0005  β=16.000  v_loss=4967.3442  D_kl=22.4565  acc=0.9461  tp=0.9316  tn=0.9462  (13.5s)
2026-06-26 15:10:50,786 INFO| Epoch 95/299  lr=0.0005  β=16.000  v_loss=4924.5966  D_kl=19.6349  acc=0.9466  tp=0.9312  tn=0.9467  (13.4s)
2026-06-26 15:11:04,297 INFO| Epoch 96/299  lr=0.0005  β=16.000  v_loss=4934.8735  D_kl=25.5951  acc=0.9457  tp=0.9311  tn=0.9458  (13.5s)
2026-06-26 15:11:17,764 INFO| Epoch 97/299  lr=0.0005  β=16.000  v_loss=4892.7923  D_kl=17.4361  acc=0.9466  tp=0.9308  tn=0.9467  (13.5s)
2026-06-26 15:11:31,149 INFO| Epoch 98/299  lr=0.0005  β=16.000  v_loss=4835.7626  D_kl=16.0756  acc=0.9471  tp=0.9322  tn=0.9472  (13.4s)
2026-06-26 15:11:44,648 INFO| Epoch 99/299  lr=0.0005  β=16.000  v_loss=4840.4313  D_kl=19.1353  acc=0.9462  tp=0.9325  tn=0.9463  (13.5s)
2026-06-26 15:11:58,085 INFO| Epoch 100/299  lr=0.0005  β=16.000  v_loss=4782.2877  D_kl=18.6373  acc=0.9472  tp=0.9330  tn=0.9472  (13.4s)
2026-06-26 15:12:11,737 INFO| Epoch 101/299  lr=0.0005  β=16.000  v_loss=4786.5847  D_kl=59.3944  acc=0.9471  tp=0.9310  tn=0.9472  (13.7s)
2026-06-26 15:12:25,539 INFO| Epoch 102/299  lr=0.0005  β=16.000  v_loss=4757.2460  D_kl=26.9278  acc=0.9470  tp=0.9318  tn=0.9471  (13.8s)
2026-06-26 15:12:39,078 INFO| Epoch 103/299  lr=0.0005  β=16.000  v_loss=4746.5099  D_kl=19.9304  acc=0.9467  tp=0.9317  tn=0.9468  (13.5s)
2026-06-26 15:12:52,817 INFO| Epoch 104/299  lr=0.0005  β=16.000  v_loss=4707.2310  D_kl=15.8143  acc=0.9477  tp=0.9318  tn=0.9478  (13.7s)
2026-06-26 15:13:06,412 INFO| Epoch 105/299  lr=0.0005  β=16.000  v_loss=4702.2771  D_kl=19.2712  acc=0.9473  tp=0.9312  tn=0.9473  (13.6s)
2026-06-26 15:13:19,994 INFO| Epoch 106/299  lr=0.0005  β=16.000  v_loss=4630.5671  D_kl=19.5932  acc=0.9477  tp=0.9332  tn=0.9478  (13.6s)
2026-06-26 15:13:33,641 INFO| Epoch 107/299  lr=0.0005  β=16.000  v_loss=4623.5085  D_kl=16.2474  acc=0.9482  tp=0.9315  tn=0.9483  (13.6s)
2026-06-26 15:13:47,201 INFO| Epoch 108/299  lr=0.0005  β=16.000  v_loss=4623.0588  D_kl=19.2363  acc=0.9479  tp=0.9314  tn=0.9479  (13.6s)
2026-06-26 15:14:00,633 INFO| Epoch 109/299  lr=0.0005  β=16.000  v_loss=4591.9360  D_kl=18.9733  acc=0.9478  tp=0.9330  tn=0.9479  (13.4s)
2026-06-26 15:14:14,162 INFO| Epoch 110/299  lr=0.0005  β=16.000  v_loss=4561.3974  D_kl=16.4760  acc=0.9482  tp=0.9325  tn=0.9483  (13.5s)
2026-06-26 15:14:27,735 INFO| Epoch 111/299  lr=0.0005  β=16.000  v_loss=4546.3258  D_kl=17.5609  acc=0.9484  tp=0.9324  tn=0.9484  (13.6s)
2026-06-26 15:14:41,275 INFO| Epoch 112/299  lr=0.0005  β=16.000  v_loss=4520.4989  D_kl=17.2188  acc=0.9484  tp=0.9326  tn=0.9484  (13.5s)
2026-06-26 15:14:54,795 INFO| Epoch 113/299  lr=0.0005  β=16.000  v_loss=4517.4908  D_kl=19.6961  acc=0.9486  tp=0.9310  tn=0.9487  (13.5s)
2026-06-26 15:15:08,258 INFO| Epoch 114/299  lr=0.0005  β=16.000  v_loss=4507.3036  D_kl=19.2893  acc=0.9483  tp=0.9314  tn=0.9484  (13.5s)
2026-06-26 15:15:21,902 INFO| Epoch 115/299  lr=0.0005  β=16.000  v_loss=4442.5253  D_kl=17.6261  acc=0.9490  tp=0.9329  tn=0.9491  (13.6s)
2026-06-26 15:15:35,557 INFO| Epoch 116/299  lr=0.0005  β=16.000  v_loss=4426.4581  D_kl=17.2535  acc=0.9487  tp=0.9340  tn=0.9488  (13.7s)
2026-06-26 15:15:49,274 INFO| Epoch 117/299  lr=0.0005  β=16.000  v_loss=4436.3700  D_kl=18.9704  acc=0.9489  tp=0.9319  tn=0.9489  (13.7s)
2026-06-26 15:16:02,697 INFO| Epoch 118/299  lr=0.0005  β=16.000  v_loss=4399.7640  D_kl=17.3203  acc=0.9486  tp=0.9347  tn=0.9486  (13.4s)
2026-06-26 15:16:16,257 INFO| Epoch 119/299  lr=0.0005  β=16.000  v_loss=4390.6708  D_kl=20.4044  acc=0.9497  tp=0.9314  tn=0.9498  (13.6s)
2026-06-26 15:16:29,806 INFO| Epoch 120/299  lr=0.0005  β=16.000  v_loss=4347.0848  D_kl=17.2289  acc=0.9493  tp=0.9339  tn=0.9494  (13.5s)
2026-06-26 15:16:43,424 INFO| Epoch 121/299  lr=0.0005  β=16.000  v_loss=4366.9729  D_kl=15.9645  acc=0.9494  tp=0.9319  tn=0.9495  (13.6s)
2026-06-26 15:16:56,885 INFO| Epoch 122/299  lr=0.0005  β=16.000  v_loss=4294.6398  D_kl=14.0474  acc=0.9497  tp=0.9344  tn=0.9497  (13.5s)
2026-06-26 15:17:10,329 INFO| Epoch 123/299  lr=0.0005  β=16.000  v_loss=4310.4681  D_kl=17.6258  acc=0.9494  tp=0.9339  tn=0.9495  (13.4s)
2026-06-26 15:17:24,173 INFO| Epoch 124/299  lr=0.0005  β=16.000  v_loss=4263.2407  D_kl=19.4471  acc=0.9499  tp=0.9346  tn=0.9500  (13.8s)
2026-06-26 15:17:37,655 INFO| Epoch 125/299  lr=0.0005  β=16.000  v_loss=4564.5452  D_kl=655026.9410  acc=0.9487  tp=0.9197  tn=0.9488  (13.5s)
2026-06-26 15:17:51,109 INFO| Epoch 126/299  lr=0.0005  β=16.000  v_loss=4600.6019  D_kl=1267.2093  acc=0.9486  tp=0.9175  tn=0.9487  (13.5s)
2026-06-26 15:18:04,584 INFO| Epoch 127/299  lr=0.0005  β=16.000  v_loss=4514.3632  D_kl=554.3315  acc=0.9475  tp=0.9230  tn=0.9476  (13.5s)
2026-06-26 15:18:18,160 INFO| Epoch 128/299  lr=0.0005  β=16.000  v_loss=4433.8203  D_kl=720.9054  acc=0.9476  tp=0.9270  tn=0.9477  (13.6s)
2026-06-26 15:18:31,582 INFO| Epoch 129/299  lr=0.0005  β=16.000  v_loss=4508.7633  D_kl=203376.8296  acc=0.9475  tp=0.9229  tn=0.9476  (13.4s)
2026-06-26 15:18:44,982 INFO| Epoch 130/299  lr=0.0005  β=16.000  v_loss=4440.5232  D_kl=13.5578  acc=0.9474  tp=0.9262  tn=0.9475  (13.4s)
2026-06-26 15:18:58,428 INFO| Epoch 131/299  lr=0.0005  β=16.000  v_loss=4367.6792  D_kl=10.1386  acc=0.9480  tp=0.9290  tn=0.9481  (13.4s)
2026-06-26 15:19:11,909 INFO| Epoch 132/299  lr=0.0005  β=16.000  v_loss=4385.5444  D_kl=10.7542  acc=0.9476  tp=0.9277  tn=0.9477  (13.5s)
2026-06-26 15:19:25,640 INFO| Epoch 133/299  lr=0.0005  β=16.000  v_loss=4354.9205  D_kl=10.7930  acc=0.9480  tp=0.9288  tn=0.9481  (13.7s)
2026-06-26 15:19:39,153 INFO| Epoch 134/299  lr=0.0005  β=16.000  v_loss=4281.6742  D_kl=9.9648  acc=0.9484  tp=0.9308  tn=0.9485  (13.5s)
2026-06-26 15:19:52,624 INFO| Epoch 135/299  lr=0.0005  β=16.000  v_loss=4294.8834  D_kl=10.7483  acc=0.9485  tp=0.9293  tn=0.9486  (13.5s)
2026-06-26 15:20:06,126 INFO| Epoch 136/299  lr=0.0005  β=16.000  v_loss=4264.4070  D_kl=10.1991  acc=0.9490  tp=0.9298  tn=0.9491  (13.5s)
2026-06-26 15:20:19,560 INFO| Epoch 137/299  lr=0.0005  β=16.000  v_loss=4306.4512  D_kl=10.4344  acc=0.9482  tp=0.9285  tn=0.9483  (13.4s)
2026-06-26 15:20:33,153 INFO| Epoch 138/299  lr=0.0005  β=16.000  v_loss=4192.3313  D_kl=11.0818  acc=0.9488  tp=0.9330  tn=0.9489  (13.6s)
2026-06-26 15:20:46,570 INFO| Epoch 139/299  lr=0.0005  β=16.000  v_loss=4219.7876  D_kl=10.6809  acc=0.9488  tp=0.9310  tn=0.9489  (13.4s)
2026-06-26 15:21:00,205 INFO| Epoch 140/299  lr=0.0005  β=16.000  v_loss=4233.0931  D_kl=12.0463  acc=0.9488  tp=0.9294  tn=0.9489  (13.6s)
2026-06-26 15:21:13,877 INFO| Epoch 141/299  lr=0.0005  β=16.000  v_loss=4200.8667  D_kl=10.2594  acc=0.9490  tp=0.9308  tn=0.9491  (13.7s)
2026-06-26 15:21:27,471 INFO| Epoch 142/299  lr=0.0005  β=16.000  v_loss=4179.3874  D_kl=14.0088  acc=0.9492  tp=0.9316  tn=0.9493  (13.6s)
2026-06-26 15:21:40,981 INFO| Epoch 143/299  lr=0.0005  β=16.000  v_loss=4170.2930  D_kl=11.0340  acc=0.9494  tp=0.9307  tn=0.9495  (13.5s)
2026-06-26 15:21:54,550 INFO| Epoch 144/299  lr=0.0005  β=16.000  v_loss=4165.5107  D_kl=11.1952  acc=0.9491  tp=0.9314  tn=0.9492  (13.6s)
2026-06-26 15:22:08,011 INFO| Epoch 145/299  lr=0.0005  β=16.000  v_loss=4135.7361  D_kl=14.1622  acc=0.9494  tp=0.9316  tn=0.9495  (13.5s)
2026-06-26 15:22:21,696 INFO| Epoch 146/299  lr=0.0005  β=16.000  v_loss=4084.4434  D_kl=11.7870  acc=0.9499  tp=0.9335  tn=0.9499  (13.7s)
2026-06-26 15:22:35,159 INFO| Epoch 147/299  lr=0.0005  β=16.000  v_loss=4141.2845  D_kl=10.2423  acc=0.9496  tp=0.9306  tn=0.9497  (13.5s)
2026-06-26 15:22:48,691 INFO| Epoch 148/299  lr=0.0005  β=16.000  v_loss=4095.1566  D_kl=10.7497  acc=0.9497  tp=0.9322  tn=0.9498  (13.5s)
2026-06-26 15:23:02,075 INFO| Epoch 149/299  lr=0.0005  β=16.000  v_loss=4046.6875  D_kl=10.7677  acc=0.9498  tp=0.9344  tn=0.9499  (13.4s)
2026-06-26 15:23:15,587 INFO| Epoch 150/299  lr=0.0005  β=16.000  v_loss=4054.1779  D_kl=11.2668  acc=0.9500  tp=0.9338  tn=0.9500  (13.5s)
2026-06-26 15:23:29,071 INFO| Epoch 151/299  lr=0.0005  β=16.000  v_loss=4063.8435  D_kl=10.6857  acc=0.9501  tp=0.9325  tn=0.9502  (13.5s)
2026-06-26 15:23:42,692 INFO| Epoch 152/299  lr=0.0005  β=16.000  v_loss=3990.7188  D_kl=11.3076  acc=0.9501  tp=0.9359  tn=0.9501  (13.6s)
2026-06-26 15:23:56,231 INFO| Epoch 153/299  lr=0.0005  β=16.000  v_loss=4047.5043  D_kl=11.8029  acc=0.9501  tp=0.9326  tn=0.9502  (13.5s)
2026-06-26 15:24:09,792 INFO| Epoch 154/299  lr=0.0005  β=16.000  v_loss=4025.2250  D_kl=15.6790  acc=0.9502  tp=0.9330  tn=0.9503  (13.6s)
2026-06-26 15:24:23,348 INFO| Epoch 155/299  lr=0.0005  β=16.000  v_loss=4053.1005  D_kl=11.5233  acc=0.9500  tp=0.9323  tn=0.9501  (13.6s)
2026-06-26 15:24:37,015 INFO| Epoch 156/299  lr=0.0005  β=16.000  v_loss=4028.3150  D_kl=10.8220  acc=0.9503  tp=0.9321  tn=0.9504  (13.7s)
2026-06-26 15:24:50,540 INFO| Epoch 157/299  lr=0.0005  β=16.000  v_loss=3985.6386  D_kl=12.0745  acc=0.9501  tp=0.9351  tn=0.9501  (13.5s)
2026-06-26 15:25:03,894 INFO| Epoch 158/299  lr=0.0005  β=16.000  v_loss=4019.4913  D_kl=11.0387  acc=0.9507  tp=0.9315  tn=0.9508  (13.4s)
2026-06-26 15:25:17,282 INFO| Epoch 159/299  lr=0.0005  β=16.000  v_loss=3991.6120  D_kl=162.9925  acc=0.9506  tp=0.9326  tn=0.9507  (13.4s)
2026-06-26 15:25:30,818 INFO| Epoch 160/299  lr=0.0005  β=16.000  v_loss=3951.7488  D_kl=11.9995  acc=0.9503  tp=0.9353  tn=0.9504  (13.5s)
2026-06-26 15:25:44,296 INFO| Epoch 161/299  lr=0.0005  β=16.000  v_loss=3919.1658  D_kl=10.7553  acc=0.9505  tp=0.9370  tn=0.9506  (13.5s)
2026-06-26 15:25:57,746 INFO| Epoch 162/299  lr=0.0005  β=16.000  v_loss=3925.3986  D_kl=11.6807  acc=0.9509  tp=0.9345  tn=0.9510  (13.4s)
2026-06-26 15:26:11,303 INFO| Epoch 163/299  lr=0.0005  β=16.000  v_loss=3960.4130  D_kl=11.6256  acc=0.9506  tp=0.9333  tn=0.9507  (13.6s)
2026-06-26 15:26:25,078 INFO| Epoch 164/299  lr=0.0005  β=16.000  v_loss=3960.3438  D_kl=11.3626  acc=0.9504  tp=0.9341  tn=0.9504  (13.8s)
2026-06-26 15:26:38,649 INFO| Epoch 165/299  lr=0.0005  β=16.000  v_loss=3943.0260  D_kl=14.0731  acc=0.9505  tp=0.9347  tn=0.9505  (13.6s)
2026-06-26 15:26:52,153 INFO| Epoch 166/299  lr=0.0005  β=16.000  v_loss=4002.5657  D_kl=14.5216  acc=0.9502  tp=0.9312  tn=0.9503  (13.5s)
2026-06-26 15:27:05,858 INFO| Epoch 167/299  lr=0.0005  β=16.000  v_loss=3935.6991  D_kl=11.4542  acc=0.9508  tp=0.9333  tn=0.9508  (13.7s)
2026-06-26 15:27:19,456 INFO| Epoch 168/299  lr=0.0005  β=16.000  v_loss=3899.6648  D_kl=13.3134  acc=0.9506  tp=0.9356  tn=0.9506  (13.6s)
2026-06-26 15:27:33,087 INFO| Epoch 169/299  lr=0.0005  β=16.000  v_loss=3857.9954  D_kl=11.6990  acc=0.9508  tp=0.9373  tn=0.9509  (13.6s)
2026-06-26 15:27:46,611 INFO| Epoch 170/299  lr=0.0005  β=16.000  v_loss=3862.3337  D_kl=11.4717  acc=0.9508  tp=0.9366  tn=0.9509  (13.5s)
2026-06-26 15:28:00,177 INFO| Epoch 171/299  lr=0.0005  β=16.000  v_loss=3849.3854  D_kl=10.9175  acc=0.9514  tp=0.9358  tn=0.9514  (13.6s)
2026-06-26 15:28:13,790 INFO| Epoch 172/299  lr=0.0005  β=16.000  v_loss=3859.3950  D_kl=13.2303  acc=0.9507  tp=0.9373  tn=0.9508  (13.6s)
2026-06-26 15:28:27,128 INFO| Epoch 173/299  lr=0.0005  β=16.000  v_loss=3848.1189  D_kl=33.7816  acc=0.9512  tp=0.9359  tn=0.9513  (13.3s)
2026-06-26 15:28:40,478 INFO| Epoch 174/299  lr=0.0005  β=16.000  v_loss=3876.5834  D_kl=12.5803  acc=0.9508  tp=0.9349  tn=0.9509  (13.3s)
2026-06-26 15:28:53,891 INFO| Epoch 175/299  lr=0.0005  β=16.000  v_loss=3833.6242  D_kl=12.1989  acc=0.9513  tp=0.9366  tn=0.9513  (13.4s)
2026-06-26 15:29:07,441 INFO| Epoch 176/299  lr=0.0005  β=16.000  v_loss=3824.5002  D_kl=14.7635  acc=0.9511  tp=0.9368  tn=0.9511  (13.6s)
2026-06-26 15:29:20,913 INFO| Epoch 177/299  lr=0.0005  β=16.000  v_loss=3798.4531  D_kl=12.5443  acc=0.9511  tp=0.9386  tn=0.9511  (13.5s)
2026-06-26 15:29:34,568 INFO| Epoch 178/299  lr=0.0005  β=16.000  v_loss=3770.1364  D_kl=12.4266  acc=0.9512  tp=0.9395  tn=0.9513  (13.7s)
2026-06-26 15:29:48,182 INFO| Epoch 179/299  lr=0.0005  β=16.000  v_loss=3811.8295  D_kl=14.9726  acc=0.9516  tp=0.9357  tn=0.9517  (13.6s)
2026-06-26 15:30:01,719 INFO| Epoch 180/299  lr=0.0005  β=16.000  v_loss=3800.1356  D_kl=13.9611  acc=0.9509  tp=0.9379  tn=0.9510  (13.5s)
2026-06-26 15:30:15,304 INFO| Epoch 181/299  lr=0.0005  β=16.000  v_loss=3779.6217  D_kl=13.8823  acc=0.9514  tp=0.9381  tn=0.9514  (13.6s)
2026-06-26 15:30:29,044 INFO| Epoch 182/299  lr=0.0005  β=16.000  v_loss=3788.4448  D_kl=12.9918  acc=0.9514  tp=0.9374  tn=0.9515  (13.7s)
2026-06-26 15:30:42,625 INFO| Epoch 183/299  lr=0.0005  β=16.000  v_loss=3811.8985  D_kl=12.7009  acc=0.9514  tp=0.9363  tn=0.9514  (13.6s)
2026-06-26 15:30:56,220 INFO| Epoch 184/299  lr=0.0005  β=16.000  v_loss=3759.2841  D_kl=12.6306  acc=0.9515  tp=0.9385  tn=0.9516  (13.6s)
2026-06-26 15:31:09,895 INFO| Epoch 185/299  lr=0.0005  β=16.000  v_loss=3762.3975  D_kl=11.8611  acc=0.9519  tp=0.9374  tn=0.9520  (13.7s)
2026-06-26 15:31:23,581 INFO| Epoch 186/299  lr=0.0005  β=16.000  v_loss=3750.0262  D_kl=14.3933  acc=0.9512  tp=0.9393  tn=0.9512  (13.7s)
2026-06-26 15:31:37,141 INFO| Epoch 187/299  lr=0.0005  β=16.000  v_loss=3678.0525  D_kl=12.1307  acc=0.9517  tp=0.9417  tn=0.9518  (13.6s)
2026-06-26 15:31:50,714 INFO| Epoch 188/299  lr=0.0005  β=16.000  v_loss=3722.8646  D_kl=12.6916  acc=0.9519  tp=0.9390  tn=0.9520  (13.6s)
2026-06-26 15:32:04,193 INFO| Epoch 189/299  lr=0.0005  β=16.000  v_loss=3717.2822  D_kl=13.3295  acc=0.9520  tp=0.9388  tn=0.9521  (13.5s)
2026-06-26 15:32:17,596 INFO| Epoch 190/299  lr=0.0005  β=16.000  v_loss=3691.4628  D_kl=12.0766  acc=0.9520  tp=0.9403  tn=0.9521  (13.4s)
2026-06-26 15:32:31,069 INFO| Epoch 191/299  lr=0.0005  β=16.000  v_loss=3685.5686  D_kl=12.6224  acc=0.9521  tp=0.9402  tn=0.9522  (13.5s)
2026-06-26 15:32:44,662 INFO| Epoch 192/299  lr=0.0005  β=16.000  v_loss=3644.2331  D_kl=15.1843  acc=0.9525  tp=0.9412  tn=0.9526  (13.6s)
2026-06-26 15:32:58,124 INFO| Epoch 193/299  lr=0.0005  β=16.000  v_loss=3657.9923  D_kl=13.2396  acc=0.9525  tp=0.9404  tn=0.9525  (13.5s)
2026-06-26 15:33:11,645 INFO| Epoch 194/299  lr=0.0005  β=16.000  v_loss=3643.9753  D_kl=13.3374  acc=0.9525  tp=0.9416  tn=0.9526  (13.5s)
2026-06-26 15:33:25,137 INFO| Epoch 195/299  lr=0.0005  β=16.000  v_loss=3635.1962  D_kl=12.8540  acc=0.9525  tp=0.9410  tn=0.9525  (13.5s)
2026-06-26 15:33:38,617 INFO| Epoch 196/299  lr=0.0005  β=16.000  v_loss=3664.8235  D_kl=13.4756  acc=0.9523  tp=0.9406  tn=0.9524  (13.5s)
2026-06-26 15:33:51,984 INFO| Epoch 197/299  lr=0.0005  β=16.000  v_loss=3638.1857  D_kl=13.8140  acc=0.9526  tp=0.9406  tn=0.9526  (13.4s)
2026-06-26 15:34:05,689 INFO| Epoch 198/299  lr=0.0005  β=16.000  v_loss=3610.4549  D_kl=13.1451  acc=0.9524  tp=0.9431  tn=0.9525  (13.7s)
2026-06-26 15:34:19,333 INFO| Epoch 199/299  lr=0.0005  β=16.000  v_loss=3650.2005  D_kl=12.8075  acc=0.9529  tp=0.9397  tn=0.9530  (13.6s)
2026-06-26 15:34:32,712 INFO| Epoch 200/299  lr=0.0005  β=16.000  v_loss=3578.4979  D_kl=12.5900  acc=0.9527  tp=0.9438  tn=0.9527  (13.4s)
2026-06-26 15:34:46,213 INFO| Epoch 201/299  lr=0.0005  β=16.000  v_loss=3641.1771  D_kl=13.9612  acc=0.9531  tp=0.9396  tn=0.9532  (13.5s)
2026-06-26 15:34:59,729 INFO| Epoch 202/299  lr=0.0005  β=16.000  v_loss=3603.9569  D_kl=12.4990  acc=0.9526  tp=0.9425  tn=0.9526  (13.5s)
2026-06-26 15:35:13,350 INFO| Epoch 203/299  lr=0.0005  β=16.000  v_loss=3588.3809  D_kl=14.8735  acc=0.9532  tp=0.9420  tn=0.9532  (13.6s)
2026-06-26 15:35:26,921 INFO| Epoch 204/299  lr=0.0005  β=16.000  v_loss=3621.8542  D_kl=13.3997  acc=0.9529  tp=0.9405  tn=0.9529  (13.6s)
2026-06-26 15:35:40,313 INFO| Epoch 205/299  lr=0.0005  β=16.000  v_loss=3583.5739  D_kl=14.4105  acc=0.9525  tp=0.9435  tn=0.9526  (13.4s)
2026-06-26 15:35:53,762 INFO| Epoch 206/299  lr=0.0005  β=16.000  v_loss=3625.8918  D_kl=14.8076  acc=0.9529  tp=0.9411  tn=0.9529  (13.4s)
2026-06-26 15:36:07,260 INFO| Epoch 207/299  lr=0.0005  β=16.000  v_loss=3640.1687  D_kl=13.2947  acc=0.9530  tp=0.9394  tn=0.9530  (13.5s)
2026-06-26 15:36:20,839 INFO| Epoch 208/299  lr=0.0005  β=16.000  v_loss=3542.3058  D_kl=13.3811  acc=0.9526  tp=0.9453  tn=0.9526  (13.6s)
2026-06-26 15:36:34,474 INFO| Epoch 209/299  lr=0.0005  β=16.000  v_loss=3535.2634  D_kl=13.5285  acc=0.9530  tp=0.9449  tn=0.9530  (13.6s)
2026-06-26 15:36:47,843 INFO| Epoch 210/299  lr=0.0005  β=16.000  v_loss=3570.6122  D_kl=13.2612  acc=0.9530  tp=0.9430  tn=0.9530  (13.4s)
2026-06-26 15:37:01,382 INFO| Epoch 211/299  lr=0.0005  β=16.000  v_loss=3535.7671  D_kl=14.5100  acc=0.9533  tp=0.9444  tn=0.9533  (13.5s)
2026-06-26 15:37:14,915 INFO| Epoch 212/299  lr=0.0005  β=16.000  v_loss=3552.2363  D_kl=13.2407  acc=0.9530  tp=0.9438  tn=0.9530  (13.5s)
2026-06-26 15:37:28,374 INFO| Epoch 213/299  lr=0.0005  β=16.000  v_loss=3552.9900  D_kl=12.9879  acc=0.9534  tp=0.9428  tn=0.9535  (13.5s)
2026-06-26 15:37:41,782 INFO| Epoch 214/299  lr=0.0005  β=16.000  v_loss=3550.7528  D_kl=12.4453  acc=0.9531  tp=0.9437  tn=0.9531  (13.4s)
2026-06-26 15:37:55,256 INFO| Epoch 215/299  lr=0.0005  β=16.000  v_loss=3522.8286  D_kl=13.2785  acc=0.9531  tp=0.9449  tn=0.9532  (13.5s)
2026-06-26 15:38:08,885 INFO| Epoch 216/299  lr=0.0005  β=16.000  v_loss=3575.5544  D_kl=14.3610  acc=0.9528  tp=0.9428  tn=0.9528  (13.6s)
2026-06-26 15:38:22,608 INFO| Epoch 217/299  lr=0.0005  β=16.000  v_loss=3611.4107  D_kl=13.3701  acc=0.9531  tp=0.9399  tn=0.9532  (13.7s)
2026-06-26 15:38:36,119 INFO| Epoch 218/299  lr=0.0005  β=16.000  v_loss=3542.7634  D_kl=14.8279  acc=0.9529  tp=0.9440  tn=0.9529  (13.5s)
2026-06-26 15:38:49,746 INFO| Epoch 219/299  lr=0.0005  β=16.000  v_loss=3488.3091  D_kl=13.8940  acc=0.9533  tp=0.9461  tn=0.9533  (13.6s)
2026-06-26 15:39:03,296 INFO| Epoch 220/299  lr=0.0005  β=16.000  v_loss=3490.9814  D_kl=13.7683  acc=0.9538  tp=0.9443  tn=0.9539  (13.5s)
2026-06-26 15:39:16,963 INFO| Epoch 221/299  lr=0.0005  β=16.000  v_loss=3518.4422  D_kl=13.4489  acc=0.9535  tp=0.9441  tn=0.9535  (13.7s)
2026-06-26 15:39:30,580 INFO| Epoch 222/299  lr=0.0005  β=16.000  v_loss=3498.4317  D_kl=14.1841  acc=0.9539  tp=0.9443  tn=0.9539  (13.6s)
2026-06-26 15:39:44,152 INFO| Epoch 223/299  lr=0.0005  β=16.000  v_loss=3481.0102  D_kl=13.3304  acc=0.9533  tp=0.9467  tn=0.9533  (13.6s)
2026-06-26 15:39:57,550 INFO| Epoch 224/299  lr=0.0005  β=16.000  v_loss=3486.6623  D_kl=13.3255  acc=0.9540  tp=0.9444  tn=0.9540  (13.4s)
2026-06-26 15:40:11,074 INFO| Epoch 225/299  lr=0.0005  β=16.000  v_loss=3455.2922  D_kl=13.5754  acc=0.9536  tp=0.9470  tn=0.9537  (13.5s)
2026-06-26 15:40:24,650 INFO| Epoch 226/299  lr=0.0005  β=16.000  v_loss=3420.1536  D_kl=15.0094  acc=0.9542  tp=0.9473  tn=0.9542  (13.6s)
2026-06-26 15:40:38,333 INFO| Epoch 227/299  lr=0.0005  β=16.000  v_loss=3509.9550  D_kl=17.0873  acc=0.9542  tp=0.9424  tn=0.9542  (13.7s)
2026-06-26 15:40:51,779 INFO| Epoch 228/299  lr=0.0005  β=16.000  v_loss=3522.7624  D_kl=13.6278  acc=0.9538  tp=0.9424  tn=0.9538  (13.4s)
2026-06-26 15:41:05,437 INFO| Epoch 229/299  lr=0.0005  β=16.000  v_loss=3404.5327  D_kl=14.2220  acc=0.9542  tp=0.9479  tn=0.9543  (13.7s)
2026-06-26 15:41:18,901 INFO| Epoch 230/299  lr=0.0005  β=16.000  v_loss=3430.6543  D_kl=14.0897  acc=0.9539  tp=0.9471  tn=0.9540  (13.5s)
2026-06-26 15:41:32,349 INFO| Epoch 231/299  lr=0.0005  β=16.000  v_loss=3453.2891  D_kl=13.7745  acc=0.9545  tp=0.9450  tn=0.9545  (13.4s)
2026-06-26 15:41:45,950 INFO| Epoch 232/299  lr=0.0005  β=16.000  v_loss=3406.9309  D_kl=15.2054  acc=0.9541  tp=0.9481  tn=0.9542  (13.6s)
2026-06-26 15:41:59,406 INFO| Epoch 233/299  lr=0.0005  β=16.000  v_loss=3400.2260  D_kl=13.5329  acc=0.9545  tp=0.9483  tn=0.9545  (13.5s)
2026-06-26 15:42:12,992 INFO| Epoch 234/299  lr=0.0005  β=16.000  v_loss=3419.0456  D_kl=13.5773  acc=0.9542  tp=0.9466  tn=0.9543  (13.6s)
2026-06-26 15:42:26,733 INFO| Epoch 235/299  lr=0.0005  β=16.000  v_loss=3403.3218  D_kl=14.7153  acc=0.9545  tp=0.9477  tn=0.9545  (13.7s)
2026-06-26 15:42:40,184 INFO| Epoch 236/299  lr=0.0005  β=16.000  v_loss=3392.4029  D_kl=14.1270  acc=0.9547  tp=0.9475  tn=0.9547  (13.5s)
2026-06-26 15:42:53,859 INFO| Epoch 237/299  lr=0.0005  β=16.000  v_loss=3374.6619  D_kl=14.0657  acc=0.9550  tp=0.9481  tn=0.9550  (13.7s)
2026-06-26 15:43:07,307 INFO| Epoch 238/299  lr=0.0005  β=16.000  v_loss=3403.2680  D_kl=14.5307  acc=0.9544  tp=0.9475  tn=0.9544  (13.4s)
2026-06-26 15:43:20,737 INFO| Epoch 239/299  lr=0.0005  β=16.000  v_loss=3349.9504  D_kl=14.3588  acc=0.9549  tp=0.9492  tn=0.9549  (13.4s)
2026-06-26 15:43:34,281 INFO| Epoch 240/299  lr=0.0005  β=16.000  v_loss=3399.2442  D_kl=15.3243  acc=0.9550  tp=0.9459  tn=0.9550  (13.5s)
2026-06-26 15:43:47,730 INFO| Epoch 241/299  lr=0.0005  β=16.000  v_loss=3349.4928  D_kl=13.5778  acc=0.9547  tp=0.9494  tn=0.9547  (13.4s)
2026-06-26 15:44:01,200 INFO| Epoch 242/299  lr=0.0005  β=16.000  v_loss=3388.6971  D_kl=14.2000  acc=0.9553  tp=0.9461  tn=0.9554  (13.5s)
2026-06-26 15:44:14,657 INFO| Epoch 243/299  lr=0.0005  β=16.000  v_loss=3371.0848  D_kl=14.4043  acc=0.9547  tp=0.9482  tn=0.9547  (13.5s)
2026-06-26 15:44:28,061 INFO| Epoch 244/299  lr=0.0005  β=16.000  v_loss=3368.9622  D_kl=15.5084  acc=0.9551  tp=0.9479  tn=0.9551  (13.4s)
2026-06-26 15:44:41,475 INFO| Epoch 245/299  lr=0.0005  β=16.000  v_loss=3310.9609  D_kl=13.9874  acc=0.9551  tp=0.9507  tn=0.9552  (13.4s)
2026-06-26 15:44:55,090 INFO| Epoch 246/299  lr=0.0005  β=16.000  v_loss=3355.1019  D_kl=16.4060  acc=0.9553  tp=0.9478  tn=0.9553  (13.6s)
2026-06-26 15:45:08,643 INFO| Epoch 247/299  lr=0.0005  β=16.000  v_loss=3368.1890  D_kl=16.6652  acc=0.9554  tp=0.9469  tn=0.9554  (13.6s)
2026-06-26 15:45:22,211 INFO| Epoch 248/299  lr=0.0005  β=16.000  v_loss=3302.4762  D_kl=16.6531  acc=0.9553  tp=0.9506  tn=0.9553  (13.6s)
2026-06-26 15:45:35,654 INFO| Epoch 249/299  lr=0.0005  β=16.000  v_loss=3347.2570  D_kl=13.9875  acc=0.9554  tp=0.9483  tn=0.9554  (13.4s)
2026-06-26 15:45:49,268 INFO| Epoch 250/299  lr=0.0005  β=16.000  v_loss=3253.4138  D_kl=13.5097  acc=0.9556  tp=0.9524  tn=0.9556  (13.6s)
2026-06-26 15:46:02,854 INFO| Epoch 251/299  lr=0.0005  β=16.000  v_loss=3333.2586  D_kl=13.4934  acc=0.9558  tp=0.9476  tn=0.9559  (13.6s)
2026-06-26 15:46:16,517 INFO| Epoch 252/299  lr=0.0005  β=16.000  v_loss=3328.7297  D_kl=20.2804  acc=0.9554  tp=0.9495  tn=0.9554  (13.7s)
2026-06-26 15:46:30,109 INFO| Epoch 253/299  lr=0.0005  β=16.000  v_loss=3340.3796  D_kl=14.0818  acc=0.9551  tp=0.9481  tn=0.9551  (13.6s)
2026-06-26 15:46:43,698 INFO| Epoch 254/299  lr=0.0005  β=16.000  v_loss=3319.2010  D_kl=35.8398  acc=0.9556  tp=0.9488  tn=0.9556  (13.6s)
2026-06-26 15:46:57,287 INFO| Epoch 255/299  lr=0.0005  β=16.000  v_loss=3268.0679  D_kl=15.0515  acc=0.9560  tp=0.9510  tn=0.9560  (13.6s)
2026-06-26 15:47:10,815 INFO| Epoch 256/299  lr=0.0005  β=16.000  v_loss=3232.8450  D_kl=14.1502  acc=0.9560  tp=0.9527  tn=0.9560  (13.5s)
2026-06-26 15:47:24,693 INFO| Epoch 257/299  lr=0.0005  β=16.000  v_loss=3292.2006  D_kl=17.9676  acc=0.9558  tp=0.9496  tn=0.9559  (13.9s)
2026-06-26 15:47:38,291 INFO| Epoch 258/299  lr=0.0005  β=16.000  v_loss=3268.4099  D_kl=14.3775  acc=0.9560  tp=0.9503  tn=0.9560  (13.6s)
2026-06-26 15:47:51,766 INFO| Epoch 259/299  lr=0.0005  β=16.000  v_loss=3287.9364  D_kl=14.7740  acc=0.9558  tp=0.9497  tn=0.9558  (13.5s)
2026-06-26 15:48:05,320 INFO| Epoch 260/299  lr=0.0005  β=16.000  v_loss=3278.9860  D_kl=14.2414  acc=0.9560  tp=0.9498  tn=0.9560  (13.6s)
2026-06-26 15:48:18,829 INFO| Epoch 261/299  lr=0.0005  β=16.000  v_loss=3290.9623  D_kl=14.1475  acc=0.9558  tp=0.9501  tn=0.9559  (13.5s)
2026-06-26 15:48:32,526 INFO| Epoch 262/299  lr=0.0005  β=16.000  v_loss=3322.5173  D_kl=14.1950  acc=0.9559  tp=0.9479  tn=0.9559  (13.7s)
2026-06-26 15:48:46,097 INFO| Epoch 263/299  lr=0.0005  β=16.000  v_loss=3215.4578  D_kl=13.6654  acc=0.9561  tp=0.9531  tn=0.9561  (13.6s)
2026-06-26 15:48:59,517 INFO| Epoch 264/299  lr=0.0005  β=16.000  v_loss=3278.8399  D_kl=14.7510  acc=0.9559  tp=0.9501  tn=0.9559  (13.4s)
2026-06-26 15:49:13,061 INFO| Epoch 265/299  lr=0.0005  β=16.000  v_loss=3209.0177  D_kl=14.2224  acc=0.9562  tp=0.9532  tn=0.9562  (13.5s)
2026-06-26 15:49:26,724 INFO| Epoch 266/299  lr=0.0005  β=16.000  v_loss=3209.8885  D_kl=14.4650  acc=0.9565  tp=0.9525  tn=0.9565  (13.7s)
2026-06-26 15:49:40,176 INFO| Epoch 267/299  lr=0.0005  β=16.000  v_loss=3260.7750  D_kl=15.8944  acc=0.9561  tp=0.9506  tn=0.9561  (13.5s)
2026-06-26 15:49:53,852 INFO| Epoch 268/299  lr=0.0005  β=16.000  v_loss=3165.5171  D_kl=14.2082  acc=0.9570  tp=0.9539  tn=0.9570  (13.7s)
2026-06-26 15:50:07,414 INFO| Epoch 269/299  lr=0.0005  β=16.000  v_loss=3260.9702  D_kl=14.9582  acc=0.9568  tp=0.9495  tn=0.9568  (13.6s)
2026-06-26 15:50:20,826 INFO| Epoch 270/299  lr=0.0005  β=16.000  v_loss=3170.0843  D_kl=14.4509  acc=0.9570  tp=0.9540  tn=0.9570  (13.4s)
2026-06-26 15:50:34,322 INFO| Epoch 271/299  lr=0.0005  β=16.000  v_loss=3229.6051  D_kl=16.0832  acc=0.9569  tp=0.9504  tn=0.9569  (13.5s)
2026-06-26 15:50:47,700 INFO| Epoch 272/299  lr=0.0005  β=16.000  v_loss=3182.6968  D_kl=15.1891  acc=0.9569  tp=0.9529  tn=0.9569  (13.4s)
2026-06-26 15:51:01,132 INFO| Epoch 273/299  lr=0.0005  β=16.000  v_loss=3247.6273  D_kl=14.6748  acc=0.9568  tp=0.9498  tn=0.9569  (13.4s)
2026-06-26 15:51:14,939 INFO| Epoch 274/299  lr=0.0005  β=16.000  v_loss=3205.1863  D_kl=14.5887  acc=0.9568  tp=0.9522  tn=0.9568  (13.8s)
2026-06-26 15:51:28,393 INFO| Epoch 275/299  lr=0.0005  β=16.000  v_loss=3147.0475  D_kl=13.9312  acc=0.9569  tp=0.9546  tn=0.9570  (13.5s)
2026-06-26 15:51:41,880 INFO| Epoch 276/299  lr=0.0005  β=16.000  v_loss=3139.7724  D_kl=14.5897  acc=0.9574  tp=0.9546  tn=0.9574  (13.5s)
2026-06-26 15:51:55,354 INFO| Epoch 277/299  lr=0.0005  β=16.000  v_loss=3184.2563  D_kl=17.2965  acc=0.9574  tp=0.9510  tn=0.9575  (13.5s)
2026-06-26 15:52:09,108 INFO| Epoch 278/299  lr=0.0005  β=16.000  v_loss=3127.0779  D_kl=14.5713  acc=0.9573  tp=0.9551  tn=0.9573  (13.8s)
2026-06-26 15:52:22,621 INFO| Epoch 279/299  lr=0.0005  β=16.000  v_loss=3108.2424  D_kl=16.2909  acc=0.9577  tp=0.9551  tn=0.9578  (13.5s)
2026-06-26 15:52:36,153 INFO| Epoch 280/299  lr=0.0005  β=16.000  v_loss=3150.0707  D_kl=14.2501  acc=0.9577  tp=0.9528  tn=0.9577  (13.5s)
2026-06-26 15:52:49,744 INFO| Epoch 281/299  lr=0.0005  β=16.000  v_loss=3165.4271  D_kl=14.1703  acc=0.9575  tp=0.9526  tn=0.9575  (13.6s)
2026-06-26 15:53:03,245 INFO| Epoch 282/299  lr=0.0005  β=16.000  v_loss=3144.3191  D_kl=14.6316  acc=0.9575  tp=0.9536  tn=0.9576  (13.5s)
2026-06-26 15:53:16,673 INFO| Epoch 283/299  lr=0.0005  β=16.000  v_loss=3162.9531  D_kl=14.1771  acc=0.9575  tp=0.9529  tn=0.9575  (13.4s)
2026-06-26 15:53:30,198 INFO| Epoch 284/299  lr=0.0005  β=16.000  v_loss=3109.7034  D_kl=14.2938  acc=0.9578  tp=0.9544  tn=0.9578  (13.5s)
2026-06-26 15:53:43,824 INFO| Epoch 285/299  lr=0.0005  β=16.000  v_loss=3145.8840  D_kl=14.7411  acc=0.9575  tp=0.9534  tn=0.9575  (13.6s)
2026-06-26 15:53:57,246 INFO| Epoch 286/299  lr=0.0005  β=16.000  v_loss=3129.5007  D_kl=14.4644  acc=0.9581  tp=0.9532  tn=0.9581  (13.4s)
2026-06-26 15:54:10,729 INFO| Epoch 287/299  lr=0.0005  β=16.000  v_loss=3072.7293  D_kl=14.6814  acc=0.9582  tp=0.9561  tn=0.9582  (13.5s)
2026-06-26 15:54:24,377 INFO| Epoch 288/299  lr=0.0005  β=16.000  v_loss=3137.9058  D_kl=14.4643  acc=0.9581  tp=0.9517  tn=0.9581  (13.6s)
2026-06-26 15:54:37,764 INFO| Epoch 289/299  lr=0.0005  β=16.000  v_loss=3261.6869  D_kl=15.2767  acc=0.9570  tp=0.9487  tn=0.9570  (13.4s)
2026-06-26 15:54:51,203 INFO| Epoch 290/299  lr=0.0005  β=16.000  v_loss=3122.4397  D_kl=16.8190  acc=0.9576  tp=0.9540  tn=0.9577  (13.4s)
2026-06-26 15:55:04,687 INFO| Epoch 291/299  lr=0.0005  β=16.000  v_loss=3148.3773  D_kl=14.9601  acc=0.9573  tp=0.9535  tn=0.9573  (13.5s)
2026-06-26 15:55:18,292 INFO| Epoch 292/299  lr=0.0005  β=16.000  v_loss=3055.7026  D_kl=14.3068  acc=0.9580  tp=0.9573  tn=0.9580  (13.6s)
2026-06-26 15:55:31,861 INFO| Epoch 293/299  lr=0.0005  β=16.000  v_loss=3078.4972  D_kl=14.7841  acc=0.9584  tp=0.9546  tn=0.9585  (13.6s)
2026-06-26 15:55:45,281 INFO| Epoch 294/299  lr=0.0005  β=16.000  v_loss=3126.0576  D_kl=14.4834  acc=0.9578  tp=0.9535  tn=0.9579  (13.4s)
2026-06-26 15:55:58,780 INFO| Epoch 295/299  lr=0.0005  β=16.000  v_loss=3131.2450  D_kl=14.5003  acc=0.9582  tp=0.9522  tn=0.9582  (13.5s)
2026-06-26 15:56:12,323 INFO| Epoch 296/299  lr=0.0005  β=16.000  v_loss=3064.5441  D_kl=14.6269  acc=0.9580  tp=0.9566  tn=0.9580  (13.5s)
2026-06-26 15:56:25,786 INFO| Epoch 297/299  lr=0.0005  β=16.000  v_loss=3050.1794  D_kl=14.7191  acc=0.9584  tp=0.9566  tn=0.9584  (13.5s)
2026-06-26 15:56:39,152 INFO| Epoch 298/299  lr=0.0005  β=16.000  v_loss=3076.6400  D_kl=14.5766  acc=0.9587  tp=0.9547  tn=0.9587  (13.4s)
2026-06-26 15:56:52,935 INFO| Epoch 299/299  lr=0.0005  β=16.000  v_loss=3046.9031  D_kl=14.4628  acc=0.9589  tp=0.9559  tn=0.9589  (13.8s)
2026-06-26 15:56:55,502 INFO| Training done.

real	67m58.797s
user	212m29.811s
sys	49m39.407s
