Python 3.11.13 loaded
Commands: python, python3, pip, pip3
Pip cache: /tmp/pip_cache_gmargari-24
2026-05-16 16:55:27,954 INFO| Config: {'batch_size': 16, 'max_epochs': 150, 'reg': 0.002, 'momentum': 0.9, 'flip_prob': 0.2, 'checkpoint_every_nth': 5, 'num_latents': 100, 'gamma': 0.99, 'use_kl': True, 'num_workers': 7, 'seed': 0, 'beta_n_cycles': 4, 'beta_ratio': 0.5, 'beta_max': 1.0, 'beta_shape': 'linear', 'augment': False}
2026-05-16 16:55:28,071 INFO| Device: cuda
2026-05-16 16:55:28,075 INFO| Found 419 .nii.gz files across 2 directories
2026-05-16 16:55:28,075 INFO| Train set: 419 files (x2 with augmentation) -> 419 samples per epoch
2026-05-16 16:55:29,157 INFO| Model: VoxelVAE128, 69796874 params (69.80 M)
2026-05-16 16:55:30,358 INFO| Initial learning rate: 1e-05
2026-05-16 16:55:48,945 INFO| Epoch 0/149  lr=1e-05  β=0.026  v_loss=23950.8752  D_kl=304.0805  acc=0.5123  tp=0.5359  tn=0.5122  (18.6s)
2026-05-16 16:55:50,750 INFO| Changing learning rate from 1e-05 to 0.0005
2026-05-16 16:56:06,810 INFO| Epoch 1/149  lr=0.0005  β=0.079  v_loss=20248.3972  D_kl=347.0884  acc=0.6140  tp=0.8137  tn=0.6131  (16.1s)
2026-05-16 16:56:22,510 INFO| Epoch 2/149  lr=0.0005  β=0.132  v_loss=17821.8972  D_kl=291.7774  acc=0.6783  tp=0.9813  tn=0.6770  (15.7s)
2026-05-16 16:56:38,520 INFO| Epoch 3/149  lr=0.0005  β=0.186  v_loss=16959.4096  D_kl=241.2444  acc=0.7679  tp=0.9639  tn=0.7670  (16.0s)
2026-05-16 16:56:54,223 INFO| Epoch 4/149  lr=0.0005  β=0.239  v_loss=16347.6698  D_kl=214.8064  acc=0.7996  tp=0.9634  tn=0.7989  (15.7s)
2026-05-16 16:57:09,266 INFO| Epoch 5/149  lr=0.0005  β=0.292  v_loss=15799.8702  D_kl=192.0003  acc=0.8113  tp=0.9718  tn=0.8106  (15.0s)
2026-05-16 16:57:26,546 INFO| Epoch 6/149  lr=0.0005  β=0.346  v_loss=15412.0364  D_kl=175.8913  acc=0.8276  tp=0.9742  tn=0.8269  (15.6s)
2026-05-16 16:57:42,003 INFO| Epoch 7/149  lr=0.0005  β=0.399  v_loss=15117.1697  D_kl=169.9241  acc=0.8430  tp=0.9766  tn=0.8425  (15.5s)
2026-05-16 16:57:57,902 INFO| Epoch 8/149  lr=0.0005  β=0.452  v_loss=14867.2426  D_kl=164.2159  acc=0.8547  tp=0.9795  tn=0.8542  (15.9s)
2026-05-16 16:58:13,952 INFO| Epoch 9/149  lr=0.0005  β=0.506  v_loss=14678.7595  D_kl=157.5306  acc=0.8660  tp=0.9781  tn=0.8655  (16.0s)
2026-05-16 16:58:29,398 INFO| Epoch 10/149  lr=0.0005  β=0.559  v_loss=14511.7234  D_kl=152.7980  acc=0.8731  tp=0.9789  tn=0.8727  (15.4s)
2026-05-16 16:58:46,698 INFO| Epoch 11/149  lr=0.0005  β=0.612  v_loss=14362.6839  D_kl=148.1908  acc=0.8769  tp=0.9792  tn=0.8764  (15.6s)
2026-05-16 16:59:02,293 INFO| Epoch 12/149  lr=0.0005  β=0.666  v_loss=14199.5940  D_kl=145.5958  acc=0.8810  tp=0.9813  tn=0.8805  (15.6s)
2026-05-16 16:59:18,034 INFO| Epoch 13/149  lr=0.0005  β=0.719  v_loss=14067.1526  D_kl=142.8306  acc=0.8858  tp=0.9803  tn=0.8854  (15.7s)
2026-05-16 16:59:33,570 INFO| Epoch 14/149  lr=0.0005  β=0.772  v_loss=13936.8458  D_kl=135.8566  acc=0.8873  tp=0.9806  tn=0.8869  (15.5s)
2026-05-16 16:59:48,961 INFO| Epoch 15/149  lr=0.0005  β=0.826  v_loss=13801.9032  D_kl=134.3746  acc=0.8912  tp=0.9807  tn=0.8909  (15.4s)
2026-05-16 17:00:05,993 INFO| Epoch 16/149  lr=0.0005  β=0.879  v_loss=13690.4550  D_kl=131.9170  acc=0.8934  tp=0.9807  tn=0.8931  (15.3s)
2026-05-16 17:00:21,672 INFO| Epoch 17/149  lr=0.0005  β=0.932  v_loss=13569.4497  D_kl=126.1902  acc=0.8952  tp=0.9804  tn=0.8948  (15.7s)
2026-05-16 17:00:36,823 INFO| Epoch 18/149  lr=0.0005  β=0.984  v_loss=13431.1398  D_kl=124.2644  acc=0.9000  tp=0.9806  tn=0.8996  (15.2s)
2026-05-16 17:00:52,230 INFO| Epoch 19/149  lr=0.0005  β=1.000  v_loss=13288.0741  D_kl=118.5790  acc=0.9026  tp=0.9811  tn=0.9022  (15.4s)
2026-05-16 17:01:07,919 INFO| Epoch 20/149  lr=0.0005  β=1.000  v_loss=13199.4532  D_kl=119.3359  acc=0.9029  tp=0.9805  tn=0.9025  (15.7s)
2026-05-16 17:01:24,915 INFO| Epoch 21/149  lr=0.0005  β=1.000  v_loss=13083.1443  D_kl=121.0916  acc=0.9050  tp=0.9806  tn=0.9047  (15.3s)
2026-05-16 17:01:40,611 INFO| Epoch 22/149  lr=0.0005  β=1.000  v_loss=12962.4536  D_kl=118.4862  acc=0.9071  tp=0.9804  tn=0.9068  (15.7s)
2026-05-16 17:01:55,751 INFO| Epoch 23/149  lr=0.0005  β=1.000  v_loss=12868.2360  D_kl=118.1060  acc=0.9094  tp=0.9795  tn=0.9091  (15.1s)
2026-05-16 17:02:10,826 INFO| Epoch 24/149  lr=0.0005  β=1.000  v_loss=12792.7854  D_kl=120.8285  acc=0.9069  tp=0.9796  tn=0.9066  (15.1s)
2026-05-16 17:02:26,400 INFO| Epoch 25/149  lr=0.0005  β=1.000  v_loss=12656.1220  D_kl=114.5462  acc=0.9102  tp=0.9796  tn=0.9099  (15.6s)
2026-05-16 17:02:43,730 INFO| Epoch 26/149  lr=0.0005  β=1.000  v_loss=12531.7809  D_kl=110.9788  acc=0.9123  tp=0.9804  tn=0.9120  (15.6s)
2026-05-16 17:02:58,951 INFO| Epoch 27/149  lr=0.0005  β=1.000  v_loss=12446.9589  D_kl=110.3714  acc=0.9142  tp=0.9793  tn=0.9139  (15.2s)
2026-05-16 17:03:14,133 INFO| Epoch 28/149  lr=0.0005  β=1.000  v_loss=12334.2526  D_kl=111.0495  acc=0.9149  tp=0.9793  tn=0.9146  (15.2s)
2026-05-16 17:03:29,283 INFO| Epoch 29/149  lr=0.0005  β=1.000  v_loss=12226.6230  D_kl=108.8253  acc=0.9164  tp=0.9795  tn=0.9162  (15.2s)
2026-05-16 17:03:44,924 INFO| Epoch 30/149  lr=0.0005  β=1.000  v_loss=12164.2188  D_kl=110.4884  acc=0.9163  tp=0.9781  tn=0.9161  (15.6s)
2026-05-16 17:04:01,791 INFO| Epoch 31/149  lr=0.0005  β=1.000  v_loss=12050.7092  D_kl=109.2099  acc=0.9179  tp=0.9787  tn=0.9176  (15.1s)
2026-05-16 17:04:17,596 INFO| Epoch 32/149  lr=0.0005  β=1.000  v_loss=11929.0128  D_kl=105.3819  acc=0.9204  tp=0.9791  tn=0.9202  (15.8s)
2026-05-16 17:04:32,904 INFO| Epoch 33/149  lr=0.0005  β=1.000  v_loss=11825.2218  D_kl=106.2690  acc=0.9210  tp=0.9793  tn=0.9208  (15.3s)
2026-05-16 17:04:48,180 INFO| Epoch 34/149  lr=0.0005  β=1.000  v_loss=11745.8498  D_kl=107.8701  acc=0.9222  tp=0.9783  tn=0.9219  (15.3s)
2026-05-16 17:05:03,425 INFO| Epoch 35/149  lr=0.0005  β=1.000  v_loss=11633.9339  D_kl=106.4554  acc=0.9234  tp=0.9793  tn=0.9231  (15.2s)
2026-05-16 17:05:20,575 INFO| Epoch 36/149  lr=0.0005  β=1.000  v_loss=11549.1203  D_kl=106.2914  acc=0.9244  tp=0.9785  tn=0.9241  (15.4s)
2026-05-16 17:05:36,255 INFO| Epoch 37/149  lr=0.0005  β=0.506  v_loss=11477.6063  D_kl=105.3742  acc=0.9235  tp=0.9782  tn=0.9233  (15.7s)
2026-05-16 17:05:51,463 INFO| Epoch 38/149  lr=0.0005  β=0.052  v_loss=11373.3540  D_kl=106.7017  acc=0.9265  tp=0.9771  tn=0.9263  (15.2s)
2026-05-16 17:06:06,541 INFO| Epoch 39/149  lr=0.0005  β=0.106  v_loss=11310.4351  D_kl=108.5876  acc=0.9247  tp=0.9780  tn=0.9245  (15.1s)
2026-05-16 17:06:22,078 INFO| Epoch 40/149  lr=0.0005  β=0.159  v_loss=11201.6241  D_kl=110.9566  acc=0.9274  tp=0.9775  tn=0.9271  (15.5s)
2026-05-16 17:06:38,918 INFO| Epoch 41/149  lr=0.0005  β=0.212  v_loss=11114.2220  D_kl=109.1705  acc=0.9284  tp=0.9774  tn=0.9282  (15.1s)
2026-05-16 17:06:54,307 INFO| Epoch 42/149  lr=0.0005  β=0.266  v_loss=11033.4535  D_kl=108.4617  acc=0.9281  tp=0.9775  tn=0.9279  (15.4s)
2026-05-16 17:07:09,834 INFO| Epoch 43/149  lr=0.0005  β=0.319  v_loss=10939.5208  D_kl=108.2647  acc=0.9300  tp=0.9769  tn=0.9298  (15.5s)
2026-05-16 17:07:25,525 INFO| Epoch 44/149  lr=0.0005  β=0.372  v_loss=10861.5700  D_kl=108.8150  acc=0.9298  tp=0.9766  tn=0.9296  (15.7s)
2026-05-16 17:07:41,119 INFO| Epoch 45/149  lr=0.0005  β=0.426  v_loss=10801.0728  D_kl=109.4671  acc=0.9296  tp=0.9761  tn=0.9294  (15.6s)
2026-05-16 17:07:58,017 INFO| Epoch 46/149  lr=0.0005  β=0.479  v_loss=10692.2320  D_kl=109.9011  acc=0.9321  tp=0.9766  tn=0.9319  (15.2s)
2026-05-16 17:08:13,880 INFO| Epoch 47/149  lr=0.0005  β=0.532  v_loss=10584.2613  D_kl=107.0647  acc=0.9323  tp=0.9780  tn=0.9321  (15.9s)
2026-05-16 17:08:29,332 INFO| Epoch 48/149  lr=0.0005  β=0.586  v_loss=10506.8788  D_kl=107.3918  acc=0.9342  tp=0.9765  tn=0.9340  (15.5s)
2026-05-16 17:08:45,067 INFO| Epoch 49/149  lr=0.0005  β=0.639  v_loss=10423.7028  D_kl=106.8923  acc=0.9343  tp=0.9779  tn=0.9341  (15.7s)
2026-05-16 17:09:00,638 INFO| Epoch 50/149  lr=0.0005  β=0.692  v_loss=10350.3314  D_kl=108.5078  acc=0.9352  tp=0.9771  tn=0.9350  (15.6s)
2026-05-16 17:09:21,368 INFO| Epoch 51/149  lr=0.0005  β=0.746  v_loss=10280.5861  D_kl=105.3247  acc=0.9342  tp=0.9771  tn=0.9340  (17.3s)
2026-05-16 17:09:37,288 INFO| Epoch 52/149  lr=0.0005  β=0.799  v_loss=10218.2607  D_kl=104.9542  acc=0.9358  tp=0.9759  tn=0.9357  (15.9s)
2026-05-16 17:09:52,872 INFO| Epoch 53/149  lr=0.0005  β=0.852  v_loss=10116.9013  D_kl=107.8088  acc=0.9363  tp=0.9770  tn=0.9361  (15.6s)
2026-05-16 17:10:08,553 INFO| Epoch 54/149  lr=0.0005  β=0.906  v_loss=10033.3982  D_kl=106.5632  acc=0.9372  tp=0.9767  tn=0.9370  (15.7s)
2026-05-16 17:10:23,789 INFO| Epoch 55/149  lr=0.0005  β=0.959  v_loss=9944.3632  D_kl=107.0278  acc=0.9388  tp=0.9770  tn=0.9386  (15.2s)
2026-05-16 17:10:41,163 INFO| Epoch 56/149  lr=0.0005  β=0.998  v_loss=9896.2208  D_kl=109.1609  acc=0.9382  tp=0.9765  tn=0.9381  (15.7s)
2026-05-16 17:10:57,062 INFO| Epoch 57/149  lr=0.0005  β=1.000  v_loss=9813.2126  D_kl=104.7441  acc=0.9389  tp=0.9767  tn=0.9388  (15.9s)
2026-05-16 17:11:12,704 INFO| Epoch 58/149  lr=0.0005  β=1.000  v_loss=9722.9111  D_kl=105.8344  acc=0.9402  tp=0.9767  tn=0.9401  (15.6s)
2026-05-16 17:11:27,983 INFO| Epoch 59/149  lr=0.0005  β=1.000  v_loss=9675.3908  D_kl=105.2115  acc=0.9396  tp=0.9765  tn=0.9395  (15.3s)
2026-05-16 17:11:43,593 INFO| Epoch 60/149  lr=0.0005  β=1.000  v_loss=9628.7314  D_kl=104.4175  acc=0.9388  tp=0.9760  tn=0.9387  (15.6s)
2026-05-16 17:12:00,771 INFO| Epoch 61/149  lr=0.0005  β=1.000  v_loss=9533.4488  D_kl=106.1002  acc=0.9414  tp=0.9747  tn=0.9412  (15.5s)
2026-05-16 17:12:16,472 INFO| Epoch 62/149  lr=0.0005  β=1.000  v_loss=9467.8055  D_kl=103.5600  acc=0.9409  tp=0.9756  tn=0.9407  (15.7s)
2026-05-16 17:12:32,248 INFO| Epoch 63/149  lr=0.0005  β=1.000  v_loss=9393.6537  D_kl=103.1055  acc=0.9417  tp=0.9764  tn=0.9415  (15.8s)
2026-05-16 17:12:47,818 INFO| Epoch 64/149  lr=0.0005  β=1.000  v_loss=9282.0564  D_kl=102.5464  acc=0.9431  tp=0.9773  tn=0.9429  (15.6s)
2026-05-16 17:13:03,614 INFO| Epoch 65/149  lr=0.0005  β=1.000  v_loss=9239.1387  D_kl=103.5727  acc=0.9433  tp=0.9758  tn=0.9431  (15.8s)
2026-05-16 17:13:20,742 INFO| Epoch 66/149  lr=0.0005  β=1.000  v_loss=9155.2914  D_kl=102.6781  acc=0.9442  tp=0.9765  tn=0.9440  (15.4s)
2026-05-16 17:13:36,523 INFO| Epoch 67/149  lr=0.0005  β=1.000  v_loss=9121.6055  D_kl=102.6403  acc=0.9434  tp=0.9757  tn=0.9432  (15.8s)
2026-05-16 17:13:51,925 INFO| Epoch 68/149  lr=0.0005  β=1.000  v_loss=9020.3022  D_kl=101.1483  acc=0.9454  tp=0.9761  tn=0.9452  (15.4s)
2026-05-16 17:14:07,072 INFO| Epoch 69/149  lr=0.0005  β=1.000  v_loss=8962.5901  D_kl=100.7260  acc=0.9452  tp=0.9760  tn=0.9451  (15.1s)
2026-05-16 17:14:22,830 INFO| Epoch 70/149  lr=0.0005  β=1.000  v_loss=8904.1591  D_kl=101.6614  acc=0.9447  tp=0.9766  tn=0.9446  (15.8s)
2026-05-16 17:14:40,287 INFO| Epoch 71/149  lr=0.0005  β=1.000  v_loss=8857.1680  D_kl=101.9500  acc=0.9459  tp=0.9750  tn=0.9458  (15.8s)
2026-05-16 17:14:55,854 INFO| Epoch 72/149  lr=0.0005  β=1.000  v_loss=8771.1646  D_kl=102.4421  acc=0.9468  tp=0.9758  tn=0.9467  (15.6s)
2026-05-16 17:15:11,835 INFO| Epoch 73/149  lr=0.0005  β=1.000  v_loss=8699.2489  D_kl=101.1037  acc=0.9471  tp=0.9762  tn=0.9470  (16.0s)
2026-05-16 17:15:27,358 INFO| Epoch 74/149  lr=0.0005  β=1.000  v_loss=8613.3785  D_kl=102.0604  acc=0.9484  tp=0.9761  tn=0.9482  (15.5s)
2026-05-16 17:15:43,291 INFO| Epoch 75/149  lr=0.0005  β=0.026  v_loss=8546.5972  D_kl=101.1738  acc=0.9489  tp=0.9766  tn=0.9488  (15.9s)
2026-05-16 17:16:00,450 INFO| Epoch 76/149  lr=0.0005  β=0.079  v_loss=8499.0112  D_kl=104.0552  acc=0.9485  tp=0.9772  tn=0.9484  (15.5s)
2026-05-16 17:16:15,809 INFO| Epoch 77/149  lr=0.0005  β=0.132  v_loss=8442.4149  D_kl=104.3030  acc=0.9494  tp=0.9764  tn=0.9493  (15.4s)
2026-05-16 17:16:31,067 INFO| Epoch 78/149  lr=0.0005  β=0.186  v_loss=8376.2741  D_kl=104.2192  acc=0.9491  tp=0.9772  tn=0.9490  (15.3s)
2026-05-16 17:16:46,415 INFO| Epoch 79/149  lr=0.0005  β=0.239  v_loss=8279.2103  D_kl=106.2352  acc=0.9510  tp=0.9777  tn=0.9508  (15.3s)
2026-05-16 17:17:02,172 INFO| Epoch 80/149  lr=0.0005  β=0.292  v_loss=8237.3542  D_kl=105.9329  acc=0.9512  tp=0.9766  tn=0.9511  (15.8s)
2026-05-16 17:17:19,513 INFO| Epoch 81/149  lr=0.0005  β=0.346  v_loss=8172.4019  D_kl=105.8451  acc=0.9511  tp=0.9779  tn=0.9510  (15.6s)
2026-05-16 17:17:34,945 INFO| Epoch 82/149  lr=0.0005  β=0.399  v_loss=8114.7027  D_kl=106.7849  acc=0.9516  tp=0.9766  tn=0.9515  (15.4s)
2026-05-16 17:17:50,659 INFO| Epoch 83/149  lr=0.0005  β=0.452  v_loss=8051.1677  D_kl=108.0421  acc=0.9526  tp=0.9768  tn=0.9525  (15.7s)
2026-05-16 17:18:06,185 INFO| Epoch 84/149  lr=0.0005  β=0.506  v_loss=8033.0665  D_kl=107.5499  acc=0.9517  tp=0.9758  tn=0.9516  (15.5s)
2026-05-16 17:18:21,573 INFO| Epoch 85/149  lr=0.0005  β=0.559  v_loss=7952.2886  D_kl=108.0739  acc=0.9525  tp=0.9770  tn=0.9524  (15.4s)
2026-05-16 17:18:38,958 INFO| Epoch 86/149  lr=0.0005  β=0.612  v_loss=7882.4808  D_kl=108.8693  acc=0.9535  tp=0.9772  tn=0.9533  (15.7s)
2026-05-16 17:18:55,009 INFO| Epoch 87/149  lr=0.0005  β=0.666  v_loss=7860.9508  D_kl=109.5100  acc=0.9533  tp=0.9757  tn=0.9532  (16.1s)
2026-05-16 17:19:10,689 INFO| Epoch 88/149  lr=0.0005  β=0.719  v_loss=7784.8154  D_kl=110.0059  acc=0.9535  tp=0.9768  tn=0.9534  (15.7s)
2026-05-16 17:19:26,441 INFO| Epoch 89/149  lr=0.0005  β=0.772  v_loss=7717.1934  D_kl=110.8961  acc=0.9546  tp=0.9763  tn=0.9545  (15.8s)
2026-05-16 17:19:42,222 INFO| Epoch 90/149  lr=0.0005  β=0.826  v_loss=7677.7068  D_kl=110.4922  acc=0.9538  tp=0.9773  tn=0.9537  (15.8s)
2026-05-16 17:20:00,071 INFO| Epoch 91/149  lr=0.0005  β=0.879  v_loss=7592.5209  D_kl=110.0183  acc=0.9556  tp=0.9773  tn=0.9555  (16.1s)
2026-05-16 17:20:15,494 INFO| Epoch 92/149  lr=0.0005  β=0.932  v_loss=7532.4522  D_kl=109.6741  acc=0.9563  tp=0.9776  tn=0.9562  (15.4s)
2026-05-16 17:20:31,317 INFO| Epoch 93/149  lr=0.0005  β=0.984  v_loss=7477.4630  D_kl=109.9959  acc=0.9558  tp=0.9785  tn=0.9557  (15.8s)
2026-05-16 17:20:47,053 INFO| Epoch 94/149  lr=0.0005  β=1.000  v_loss=7434.7827  D_kl=109.8491  acc=0.9565  tp=0.9772  tn=0.9564  (15.7s)
2026-05-16 17:21:02,687 INFO| Epoch 95/149  lr=0.0005  β=1.000  v_loss=7400.0250  D_kl=110.0393  acc=0.9564  tp=0.9766  tn=0.9563  (15.6s)
2026-05-16 17:21:20,081 INFO| Epoch 96/149  lr=0.0005  β=1.000  v_loss=7341.2794  D_kl=109.8011  acc=0.9568  tp=0.9771  tn=0.9567  (15.7s)
2026-05-16 17:21:35,590 INFO| Epoch 97/149  lr=0.0005  β=1.000  v_loss=7277.5045  D_kl=110.6490  acc=0.9572  tp=0.9778  tn=0.9571  (15.5s)
2026-05-16 17:21:50,742 INFO| Epoch 98/149  lr=0.0005  β=1.000  v_loss=7200.8325  D_kl=110.7044  acc=0.9584  tp=0.9783  tn=0.9583  (15.2s)
2026-05-16 17:22:06,210 INFO| Epoch 99/149  lr=0.0005  β=1.000  v_loss=7153.9883  D_kl=110.1925  acc=0.9588  tp=0.9774  tn=0.9588  (15.5s)
2026-05-16 17:22:21,636 INFO| Epoch 100/149  lr=0.0005  β=1.000  v_loss=7136.5252  D_kl=110.1403  acc=0.9580  tp=0.9773  tn=0.9579  (15.4s)
2026-05-16 17:22:40,764 INFO| Epoch 101/149  lr=0.0005  β=1.000  v_loss=7068.9433  D_kl=111.0948  acc=0.9585  tp=0.9782  tn=0.9585  (15.7s)
2026-05-16 17:22:56,463 INFO| Epoch 102/149  lr=0.0005  β=1.000  v_loss=7006.4287  D_kl=110.3226  acc=0.9597  tp=0.9775  tn=0.9596  (15.7s)
2026-05-16 17:23:12,615 INFO| Epoch 103/149  lr=0.0005  β=1.000  v_loss=6926.1733  D_kl=110.0345  acc=0.9605  tp=0.9786  tn=0.9604  (16.2s)
2026-05-16 17:23:27,749 INFO| Epoch 104/149  lr=0.0005  β=1.000  v_loss=6902.2079  D_kl=109.8974  acc=0.9603  tp=0.9782  tn=0.9602  (15.1s)
2026-05-16 17:23:43,302 INFO| Epoch 105/149  lr=0.0005  β=1.000  v_loss=6884.8647  D_kl=110.6138  acc=0.9603  tp=0.9771  tn=0.9603  (15.6s)
2026-05-16 17:24:00,642 INFO| Epoch 106/149  lr=0.0005  β=1.000  v_loss=6797.8342  D_kl=110.9010  acc=0.9609  tp=0.9788  tn=0.9608  (15.6s)
2026-05-16 17:24:16,007 INFO| Epoch 107/149  lr=0.0005  β=1.000  v_loss=6788.1053  D_kl=110.7717  acc=0.9603  tp=0.9779  tn=0.9603  (15.4s)
2026-05-16 17:24:31,746 INFO| Epoch 108/149  lr=0.0005  β=1.000  v_loss=6716.6299  D_kl=110.9864  acc=0.9616  tp=0.9778  tn=0.9616  (15.7s)
2026-05-16 17:24:46,810 INFO| Epoch 109/149  lr=0.0005  β=1.000  v_loss=6681.5350  D_kl=111.1298  acc=0.9610  tp=0.9783  tn=0.9609  (15.1s)
2026-05-16 17:25:02,231 INFO| Epoch 110/149  lr=0.0005  β=1.000  v_loss=6595.8440  D_kl=111.0203  acc=0.9623  tp=0.9790  tn=0.9622  (15.4s)
2026-05-16 17:25:19,198 INFO| Epoch 111/149  lr=0.0005  β=1.000  v_loss=6553.3513  D_kl=111.6542  acc=0.9630  tp=0.9787  tn=0.9629  (15.3s)
2026-05-16 17:25:34,566 INFO| Epoch 112/149  lr=0.0005  β=0.506  v_loss=6506.5895  D_kl=111.7654  acc=0.9629  tp=0.9788  tn=0.9628  (15.4s)
2026-05-16 17:25:49,910 INFO| Epoch 113/149  lr=0.0005  β=0.052  v_loss=6461.9319  D_kl=112.5910  acc=0.9635  tp=0.9786  tn=0.9635  (15.3s)
2026-05-16 17:26:05,615 INFO| Epoch 114/149  lr=0.0005  β=0.106  v_loss=6403.9853  D_kl=114.2129  acc=0.9634  tp=0.9800  tn=0.9633  (15.7s)
2026-05-16 17:26:21,353 INFO| Epoch 115/149  lr=0.0005  β=0.159  v_loss=6392.4339  D_kl=115.0521  acc=0.9638  tp=0.9779  tn=0.9637  (15.7s)
2026-05-16 17:26:38,320 INFO| Epoch 116/149  lr=0.0005  β=0.212  v_loss=6348.5573  D_kl=115.7027  acc=0.9633  tp=0.9791  tn=0.9632  (15.3s)
2026-05-16 17:26:53,680 INFO| Epoch 117/149  lr=0.0005  β=0.266  v_loss=6301.8878  D_kl=117.0350  acc=0.9639  tp=0.9786  tn=0.9638  (15.4s)
2026-05-16 17:27:09,375 INFO| Epoch 118/149  lr=0.0005  β=0.319  v_loss=6217.9833  D_kl=117.1506  acc=0.9656  tp=0.9792  tn=0.9655  (15.7s)
2026-05-16 17:27:25,235 INFO| Epoch 119/149  lr=0.0005  β=0.372  v_loss=6170.1917  D_kl=118.0025  acc=0.9650  tp=0.9808  tn=0.9649  (15.9s)
2026-05-16 17:27:41,015 INFO| Epoch 120/149  lr=0.0005  β=0.426  v_loss=6134.5025  D_kl=119.1383  acc=0.9656  tp=0.9797  tn=0.9655  (15.8s)
2026-05-16 17:27:58,273 INFO| Epoch 121/149  lr=0.0005  β=0.479  v_loss=6071.3267  D_kl=119.5620  acc=0.9665  tp=0.9801  tn=0.9664  (15.5s)
2026-05-16 17:28:13,988 INFO| Epoch 122/149  lr=0.0005  β=0.532  v_loss=6039.9446  D_kl=119.8318  acc=0.9662  tp=0.9800  tn=0.9662  (15.7s)
2026-05-16 17:28:29,508 INFO| Epoch 123/149  lr=0.0005  β=0.586  v_loss=5998.9332  D_kl=120.3636  acc=0.9664  tp=0.9802  tn=0.9663  (15.5s)
2026-05-16 17:28:44,772 INFO| Epoch 124/149  lr=0.0005  β=0.639  v_loss=5961.1894  D_kl=120.5515  acc=0.9669  tp=0.9801  tn=0.9668  (15.3s)
2026-05-16 17:29:00,280 INFO| Epoch 125/149  lr=0.0005  β=0.692  v_loss=5907.9165  D_kl=121.3561  acc=0.9670  tp=0.9807  tn=0.9669  (15.5s)
2026-05-16 17:29:19,649 INFO| Epoch 126/149  lr=0.0005  β=0.746  v_loss=5885.8008  D_kl=122.0883  acc=0.9676  tp=0.9792  tn=0.9675  (16.0s)
2026-05-16 17:29:34,893 INFO| Epoch 127/149  lr=0.0005  β=0.799  v_loss=5849.6054  D_kl=121.7754  acc=0.9665  tp=0.9807  tn=0.9664  (15.2s)
2026-05-16 17:29:50,734 INFO| Epoch 128/149  lr=0.0005  β=0.852  v_loss=5805.3661  D_kl=122.2098  acc=0.9678  tp=0.9794  tn=0.9678  (15.8s)
2026-05-16 17:30:06,441 INFO| Epoch 129/149  lr=0.0005  β=0.906  v_loss=5818.0669  D_kl=122.4474  acc=0.9665  tp=0.9786  tn=0.9665  (15.7s)
2026-05-16 17:30:21,707 INFO| Epoch 130/149  lr=0.0005  β=0.959  v_loss=5801.5553  D_kl=122.6838  acc=0.9666  tp=0.9780  tn=0.9665  (15.3s)
2026-05-16 17:30:39,415 INFO| Epoch 131/149  lr=0.0005  β=0.998  v_loss=5692.5199  D_kl=122.5451  acc=0.9681  tp=0.9794  tn=0.9680  (16.0s)
2026-05-16 17:30:55,176 INFO| Epoch 132/149  lr=0.0005  β=1.000  v_loss=5662.6290  D_kl=122.9648  acc=0.9679  tp=0.9802  tn=0.9678  (15.8s)
2026-05-16 17:31:10,735 INFO| Epoch 133/149  lr=0.0005  β=1.000  v_loss=5579.0546  D_kl=122.8030  acc=0.9694  tp=0.9811  tn=0.9694  (15.6s)
2026-05-16 17:31:26,240 INFO| Epoch 134/149  lr=0.0005  β=1.000  v_loss=5597.4734  D_kl=122.9406  acc=0.9682  tp=0.9795  tn=0.9682  (15.5s)
2026-05-16 17:31:42,185 INFO| Epoch 135/149  lr=0.0005  β=1.000  v_loss=5537.9789  D_kl=123.0822  acc=0.9691  tp=0.9801  tn=0.9690  (15.9s)
2026-05-16 17:31:59,748 INFO| Epoch 136/149  lr=0.0005  β=1.000  v_loss=5468.2991  D_kl=123.0551  acc=0.9697  tp=0.9814  tn=0.9696  (15.9s)
2026-05-16 17:32:15,257 INFO| Epoch 137/149  lr=0.0005  β=1.000  v_loss=5441.5816  D_kl=123.0495  acc=0.9699  tp=0.9810  tn=0.9698  (15.5s)
2026-05-16 17:32:31,331 INFO| Epoch 138/149  lr=0.0005  β=1.000  v_loss=5368.7403  D_kl=123.0516  acc=0.9708  tp=0.9818  tn=0.9707  (16.1s)
2026-05-16 17:32:46,947 INFO| Epoch 139/149  lr=0.0005  β=1.000  v_loss=5330.5641  D_kl=123.2230  acc=0.9709  tp=0.9820  tn=0.9709  (15.6s)
2026-05-16 17:33:02,972 INFO| Epoch 140/149  lr=0.0005  β=1.000  v_loss=5269.4670  D_kl=123.4440  acc=0.9717  tp=0.9828  tn=0.9717  (16.0s)
2026-05-16 17:33:20,203 INFO| Epoch 141/149  lr=0.0005  β=1.000  v_loss=5254.9006  D_kl=123.2921  acc=0.9713  tp=0.9827  tn=0.9712  (15.5s)
2026-05-16 17:33:35,969 INFO| Epoch 142/149  lr=0.0005  β=1.000  v_loss=5277.3595  D_kl=123.5750  acc=0.9709  tp=0.9803  tn=0.9708  (15.8s)
2026-05-16 17:33:51,316 INFO| Epoch 143/149  lr=0.0005  β=1.000  v_loss=5195.0030  D_kl=123.4529  acc=0.9716  tp=0.9820  tn=0.9715  (15.3s)
2026-05-16 17:34:06,615 INFO| Epoch 144/149  lr=0.0005  β=1.000  v_loss=5206.5454  D_kl=123.5955  acc=0.9711  tp=0.9809  tn=0.9710  (15.3s)
2026-05-16 17:34:22,137 INFO| Epoch 145/149  lr=0.0005  β=1.000  v_loss=5172.1740  D_kl=123.8438  acc=0.9711  tp=0.9807  tn=0.9711  (15.5s)
2026-05-16 17:34:39,205 INFO| Epoch 146/149  lr=0.0005  β=1.000  v_loss=5158.6312  D_kl=123.9000  acc=0.9711  tp=0.9797  tn=0.9711  (15.4s)
2026-05-16 17:34:55,265 INFO| Epoch 147/149  lr=0.0005  β=1.000  v_loss=5087.5041  D_kl=123.8772  acc=0.9716  tp=0.9815  tn=0.9715  (16.1s)
2026-05-16 17:35:10,961 INFO| Epoch 148/149  lr=0.0005  β=1.000  v_loss=5007.7504  D_kl=123.9115  acc=0.9728  tp=0.9826  tn=0.9728  (15.7s)
2026-05-16 17:35:26,394 INFO| Epoch 149/149  lr=0.0005  β=1.000  v_loss=4965.6856  D_kl=123.9408  acc=0.9730  tp=0.9832  tn=0.9730  (15.4s)
2026-05-16 17:35:28,158 INFO| Training done.

real	40m3.919s
user	110m15.573s
sys	30m39.280s
