Python 3.11.13 loaded
Commands: python, python3, pip, pip3
Pip cache: /tmp/pip_cache_gmargari-24
2026-05-16 16:52:22,186 INFO| Config: {'batch_size': 16, 'max_epochs': 150, 'reg': 0.002, 'momentum': 0.9, 'flip_prob': 0.2, 'checkpoint_every_nth': 5, 'num_latents': 100, 'gamma': 0.99, 'use_kl': True, 'num_workers': 7, 'seed': 0, 'beta_n_cycles': 4, 'beta_ratio': 0.5, 'beta_max': 1.0, 'beta_shape': 'linear', 'augment': False}
2026-05-16 16:52:22,393 INFO| Device: cuda
2026-05-16 16:52:22,396 INFO| Found 419 .nii.gz files across 2 directories
2026-05-16 16:52:22,397 INFO| Train set: 419 files (x2 with augmentation) -> 419 samples per epoch
2026-05-16 16:52:23,120 INFO| Model: VoxelVAE128, 69796874 params (69.80 M)
2026-05-16 16:52:23,997 INFO| Initial learning rate: 1e-05
2026-05-16 16:52:36,943 INFO| Epoch 0/149  lr=1e-05  β=0.026  v_loss=12624.7291  D_kl=271.4596  acc=0.8688  tp=0.6045  tn=0.8700  (12.9s)
2026-05-16 16:52:38,110 INFO| Changing learning rate from 1e-05 to 0.0005
2026-05-16 16:52:49,609 INFO| Epoch 1/149  lr=0.0005  β=0.079  v_loss=nan  D_kl=nan  acc=0.9048  tp=0.1123  tn=0.9083  (11.5s)
2026-05-16 16:53:01,044 INFO| Epoch 2/149  lr=0.0005  β=0.132  v_loss=nan  D_kl=nan  acc=0.9957  tp=0.0000  tn=1.0000  (11.4s)
2026-05-16 16:53:12,499 INFO| Epoch 3/149  lr=0.0005  β=0.186  v_loss=nan  D_kl=nan  acc=0.9957  tp=0.0000  tn=1.0000  (11.5s)
2026-05-16 16:53:23,756 INFO| Epoch 4/149  lr=0.0005  β=0.239  v_loss=nan  D_kl=nan  acc=0.9957  tp=0.0000  tn=1.0000  (11.3s)
2026-05-16 16:53:35,087 INFO| Epoch 5/149  lr=0.0005  β=0.292  v_loss=nan  D_kl=nan  acc=0.9957  tp=0.0000  tn=1.0000  (11.3s)
2026-05-16 16:53:47,527 INFO| Epoch 6/149  lr=0.0005  β=0.346  v_loss=nan  D_kl=nan  acc=0.9957  tp=0.0000  tn=1.0000  (11.3s)
2026-05-16 16:53:58,799 INFO| Epoch 7/149  lr=0.0005  β=0.399  v_loss=nan  D_kl=nan  acc=0.9957  tp=0.0000  tn=1.0000  (11.3s)
2026-05-16 16:54:10,239 INFO| Epoch 8/149  lr=0.0005  β=0.452  v_loss=nan  D_kl=nan  acc=0.9957  tp=0.0000  tn=1.0000  (11.4s)
2026-05-16 16:54:21,839 INFO| Epoch 9/149  lr=0.0005  β=0.506  v_loss=nan  D_kl=nan  acc=0.9957  tp=0.0000  tn=1.0000  (11.6s)
2026-05-16 16:54:33,225 INFO| Epoch 10/149  lr=0.0005  β=0.559  v_loss=nan  D_kl=nan  acc=0.9957  tp=0.0000  tn=1.0000  (11.4s)
2026-05-16 16:54:45,635 INFO| Epoch 11/149  lr=0.0005  β=0.612  v_loss=nan  D_kl=nan  acc=0.9957  tp=0.0000  tn=1.0000  (11.4s)
2026-05-16 16:54:56,871 INFO| Epoch 12/149  lr=0.0005  β=0.666  v_loss=nan  D_kl=nan  acc=0.9957  tp=0.0000  tn=1.0000  (11.2s)
2026-05-16 16:55:08,066 INFO| Epoch 13/149  lr=0.0005  β=0.719  v_loss=nan  D_kl=nan  acc=0.9957  tp=0.0000  tn=1.0000  (11.2s)
2026-05-16 16:55:19,380 INFO| Epoch 14/149  lr=0.0005  β=0.772  v_loss=nan  D_kl=nan  acc=0.9957  tp=0.0000  tn=1.0000  (11.3s)
2026-05-16 16:55:31,037 INFO| Epoch 15/149  lr=0.0005  β=0.826  v_loss=nan  D_kl=nan  acc=0.9957  tp=0.0000  tn=1.0000  (11.7s)
2026-05-16 16:55:43,326 INFO| Epoch 16/149  lr=0.0005  β=0.879  v_loss=nan  D_kl=nan  acc=0.9957  tp=0.0000  tn=1.0000  (11.2s)
2026-05-16 16:55:54,783 INFO| Epoch 17/149  lr=0.0005  β=0.932  v_loss=nan  D_kl=nan  acc=0.9957  tp=0.0000  tn=1.0000  (11.5s)
2026-05-16 16:56:06,067 INFO| Epoch 18/149  lr=0.0005  β=0.984  v_loss=nan  D_kl=nan  acc=0.9957  tp=0.0000  tn=1.0000  (11.3s)
2026-05-16 16:56:17,872 INFO| Epoch 19/149  lr=0.0005  β=1.000  v_loss=nan  D_kl=nan  acc=0.9957  tp=0.0000  tn=1.0000  (11.8s)
2026-05-16 16:56:29,477 INFO| Epoch 20/149  lr=0.0005  β=1.000  v_loss=nan  D_kl=nan  acc=0.9957  tp=0.0000  tn=1.0000  (11.6s)
2026-05-16 16:56:41,899 INFO| Epoch 21/149  lr=0.0005  β=1.000  v_loss=nan  D_kl=nan  acc=0.9957  tp=0.0000  tn=1.0000  (11.3s)
2026-05-16 16:56:53,515 INFO| Epoch 22/149  lr=0.0005  β=1.000  v_loss=nan  D_kl=nan  acc=0.9957  tp=0.0000  tn=1.0000  (11.6s)
2026-05-16 16:57:05,282 INFO| Epoch 23/149  lr=0.0005  β=1.000  v_loss=nan  D_kl=nan  acc=0.9957  tp=0.0000  tn=1.0000  (11.8s)
2026-05-16 16:57:16,728 INFO| Epoch 24/149  lr=0.0005  β=1.000  v_loss=nan  D_kl=nan  acc=0.9957  tp=0.0000  tn=1.0000  (11.4s)
2026-05-16 16:57:28,262 INFO| Epoch 25/149  lr=0.0005  β=1.000  v_loss=nan  D_kl=nan  acc=0.9957  tp=0.0000  tn=1.0000  (11.5s)
2026-05-16 16:57:40,968 INFO| Epoch 26/149  lr=0.0005  β=1.000  v_loss=nan  D_kl=nan  acc=0.9957  tp=0.0000  tn=1.0000  (11.6s)
2026-05-16 16:57:52,557 INFO| Epoch 27/149  lr=0.0005  β=1.000  v_loss=nan  D_kl=nan  acc=0.9957  tp=0.0000  tn=1.0000  (11.6s)
2026-05-16 16:58:04,192 INFO| Epoch 28/149  lr=0.0005  β=1.000  v_loss=nan  D_kl=nan  acc=0.9957  tp=0.0000  tn=1.0000  (11.6s)
2026-05-16 16:58:15,432 INFO| Epoch 29/149  lr=0.0005  β=1.000  v_loss=nan  D_kl=nan  acc=0.9957  tp=0.0000  tn=1.0000  (11.2s)
2026-05-16 16:58:26,730 INFO| Epoch 30/149  lr=0.0005  β=1.000  v_loss=nan  D_kl=nan  acc=0.9957  tp=0.0000  tn=1.0000  (11.3s)
2026-05-16 16:58:39,274 INFO| Epoch 31/149  lr=0.0005  β=1.000  v_loss=nan  D_kl=nan  acc=0.9957  tp=0.0000  tn=1.0000  (11.4s)
2026-05-16 16:58:50,829 INFO| Epoch 32/149  lr=0.0005  β=1.000  v_loss=nan  D_kl=nan  acc=0.9957  tp=0.0000  tn=1.0000  (11.6s)
2026-05-16 16:59:02,078 INFO| Epoch 33/149  lr=0.0005  β=1.000  v_loss=nan  D_kl=nan  acc=0.9957  tp=0.0000  tn=1.0000  (11.2s)
2026-05-16 16:59:13,420 INFO| Epoch 34/149  lr=0.0005  β=1.000  v_loss=nan  D_kl=nan  acc=0.9957  tp=0.0000  tn=1.0000  (11.3s)
2026-05-16 16:59:24,665 INFO| Epoch 35/149  lr=0.0005  β=1.000  v_loss=nan  D_kl=nan  acc=0.9957  tp=0.0000  tn=1.0000  (11.2s)
2026-05-16 16:59:37,576 INFO| Epoch 36/149  lr=0.0005  β=1.000  v_loss=nan  D_kl=nan  acc=0.9957  tp=0.0000  tn=1.0000  (11.8s)
2026-05-16 16:59:49,247 INFO| Epoch 37/149  lr=0.0005  β=0.506  v_loss=nan  D_kl=nan  acc=0.9957  tp=0.0000  tn=1.0000  (11.7s)
2026-05-16 17:00:00,785 INFO| Epoch 38/149  lr=0.0005  β=0.052  v_loss=nan  D_kl=nan  acc=0.9957  tp=0.0000  tn=1.0000  (11.5s)
2026-05-16 17:00:11,999 INFO| Epoch 39/149  lr=0.0005  β=0.106  v_loss=nan  D_kl=nan  acc=0.9957  tp=0.0000  tn=1.0000  (11.2s)
2026-05-16 17:00:23,407 INFO| Epoch 40/149  lr=0.0005  β=0.159  v_loss=nan  D_kl=nan  acc=0.9957  tp=0.0000  tn=1.0000  (11.4s)
2026-05-16 17:00:36,045 INFO| Epoch 41/149  lr=0.0005  β=0.212  v_loss=nan  D_kl=nan  acc=0.9957  tp=0.0000  tn=1.0000  (11.6s)
2026-05-16 17:00:47,260 INFO| Epoch 42/149  lr=0.0005  β=0.266  v_loss=nan  D_kl=nan  acc=0.9957  tp=0.0000  tn=1.0000  (11.2s)
2026-05-16 17:00:58,710 INFO| Epoch 43/149  lr=0.0005  β=0.319  v_loss=nan  D_kl=nan  acc=0.9957  tp=0.0000  tn=1.0000  (11.5s)
2026-05-16 17:01:10,150 INFO| Epoch 44/149  lr=0.0005  β=0.372  v_loss=nan  D_kl=nan  acc=0.9957  tp=0.0000  tn=1.0000  (11.4s)
2026-05-16 17:01:21,785 INFO| Epoch 45/149  lr=0.0005  β=0.426  v_loss=nan  D_kl=nan  acc=0.9957  tp=0.0000  tn=1.0000  (11.6s)
2026-05-16 17:01:34,192 INFO| Epoch 46/149  lr=0.0005  β=0.479  v_loss=nan  D_kl=nan  acc=0.9957  tp=0.0000  tn=1.0000  (11.4s)
2026-05-16 17:01:45,811 INFO| Epoch 47/149  lr=0.0005  β=0.532  v_loss=nan  D_kl=nan  acc=0.9957  tp=0.0000  tn=1.0000  (11.6s)
2026-05-16 17:01:57,283 INFO| Epoch 48/149  lr=0.0005  β=0.586  v_loss=nan  D_kl=nan  acc=0.9957  tp=0.0000  tn=1.0000  (11.5s)
2026-05-16 17:02:08,943 INFO| Epoch 49/149  lr=0.0005  β=0.639  v_loss=nan  D_kl=nan  acc=0.9957  tp=0.0000  tn=1.0000  (11.7s)
2026-05-16 17:02:20,472 INFO| Epoch 50/149  lr=0.0005  β=0.692  v_loss=nan  D_kl=nan  acc=0.9957  tp=0.0000  tn=1.0000  (11.5s)
2026-05-16 17:02:34,348 INFO| Epoch 51/149  lr=0.0005  β=0.746  v_loss=nan  D_kl=nan  acc=0.9957  tp=0.0000  tn=1.0000  (11.9s)
2026-05-16 17:02:46,023 INFO| Epoch 52/149  lr=0.0005  β=0.799  v_loss=nan  D_kl=nan  acc=0.9957  tp=0.0000  tn=1.0000  (11.7s)
2026-05-16 17:02:57,545 INFO| Epoch 53/149  lr=0.0005  β=0.852  v_loss=nan  D_kl=nan  acc=0.9957  tp=0.0000  tn=1.0000  (11.5s)
2026-05-16 17:03:09,041 INFO| Epoch 54/149  lr=0.0005  β=0.906  v_loss=nan  D_kl=nan  acc=0.9957  tp=0.0000  tn=1.0000  (11.5s)
2026-05-16 17:03:20,227 INFO| Epoch 55/149  lr=0.0005  β=0.959  v_loss=nan  D_kl=nan  acc=0.9957  tp=0.0000  tn=1.0000  (11.2s)
2026-05-16 17:03:32,519 INFO| Epoch 56/149  lr=0.0005  β=0.998  v_loss=nan  D_kl=nan  acc=0.9957  tp=0.0000  tn=1.0000  (11.2s)
2026-05-16 17:03:43,980 INFO| Epoch 57/149  lr=0.0005  β=1.000  v_loss=nan  D_kl=nan  acc=0.9957  tp=0.0000  tn=1.0000  (11.5s)
2026-05-16 17:03:55,260 INFO| Epoch 58/149  lr=0.0005  β=1.000  v_loss=nan  D_kl=nan  acc=0.9957  tp=0.0000  tn=1.0000  (11.3s)
2026-05-16 17:04:06,621 INFO| Epoch 59/149  lr=0.0005  β=1.000  v_loss=nan  D_kl=nan  acc=0.9957  tp=0.0000  tn=1.0000  (11.4s)
2026-05-16 17:04:18,256 INFO| Epoch 60/149  lr=0.0005  β=1.000  v_loss=nan  D_kl=nan  acc=0.9957  tp=0.0000  tn=1.0000  (11.6s)
2026-05-16 17:04:30,771 INFO| Epoch 61/149  lr=0.0005  β=1.000  v_loss=nan  D_kl=nan  acc=0.9957  tp=0.0000  tn=1.0000  (11.4s)
2026-05-16 17:04:42,234 INFO| Epoch 62/149  lr=0.0005  β=1.000  v_loss=nan  D_kl=nan  acc=0.9957  tp=0.0000  tn=1.0000  (11.5s)
2026-05-16 17:04:53,682 INFO| Epoch 63/149  lr=0.0005  β=1.000  v_loss=nan  D_kl=nan  acc=0.9957  tp=0.0000  tn=1.0000  (11.4s)
2026-05-16 17:05:05,173 INFO| Epoch 64/149  lr=0.0005  β=1.000  v_loss=nan  D_kl=nan  acc=0.9957  tp=0.0000  tn=1.0000  (11.5s)
2026-05-16 17:05:16,535 INFO| Epoch 65/149  lr=0.0005  β=1.000  v_loss=nan  D_kl=nan  acc=0.9957  tp=0.0000  tn=1.0000  (11.4s)
2026-05-16 17:05:29,068 INFO| Epoch 66/149  lr=0.0005  β=1.000  v_loss=nan  D_kl=nan  acc=0.9957  tp=0.0000  tn=1.0000  (11.4s)
2026-05-16 17:05:40,526 INFO| Epoch 67/149  lr=0.0005  β=1.000  v_loss=nan  D_kl=nan  acc=0.9957  tp=0.0000  tn=1.0000  (11.5s)
2026-05-16 17:05:52,015 INFO| Epoch 68/149  lr=0.0005  β=1.000  v_loss=nan  D_kl=nan  acc=0.9957  tp=0.0000  tn=1.0000  (11.5s)
2026-05-16 17:06:03,250 INFO| Epoch 69/149  lr=0.0005  β=1.000  v_loss=nan  D_kl=nan  acc=0.9957  tp=0.0000  tn=1.0000  (11.2s)
2026-05-16 17:06:14,658 INFO| Epoch 70/149  lr=0.0005  β=1.000  v_loss=nan  D_kl=nan  acc=0.9957  tp=0.0000  tn=1.0000  (11.4s)
2026-05-16 17:06:27,183 INFO| Epoch 71/149  lr=0.0005  β=1.000  v_loss=nan  D_kl=nan  acc=0.9957  tp=0.0000  tn=1.0000  (11.5s)
2026-05-16 17:06:38,791 INFO| Epoch 72/149  lr=0.0005  β=1.000  v_loss=nan  D_kl=nan  acc=0.9957  tp=0.0000  tn=1.0000  (11.6s)
2026-05-16 17:06:50,503 INFO| Epoch 73/149  lr=0.0005  β=1.000  v_loss=nan  D_kl=nan  acc=0.9957  tp=0.0000  tn=1.0000  (11.7s)
2026-05-16 17:07:02,120 INFO| Epoch 74/149  lr=0.0005  β=1.000  v_loss=nan  D_kl=nan  acc=0.9957  tp=0.0000  tn=1.0000  (11.6s)
2026-05-16 17:07:13,465 INFO| Epoch 75/149  lr=0.0005  β=0.026  v_loss=nan  D_kl=nan  acc=0.9957  tp=0.0000  tn=1.0000  (11.3s)
2026-05-16 17:07:26,190 INFO| Epoch 76/149  lr=0.0005  β=0.079  v_loss=nan  D_kl=nan  acc=0.9957  tp=0.0000  tn=1.0000  (11.7s)
2026-05-16 17:07:37,919 INFO| Epoch 77/149  lr=0.0005  β=0.132  v_loss=nan  D_kl=nan  acc=0.9957  tp=0.0000  tn=1.0000  (11.7s)
2026-05-16 17:07:49,162 INFO| Epoch 78/149  lr=0.0005  β=0.186  v_loss=nan  D_kl=nan  acc=0.9957  tp=0.0000  tn=1.0000  (11.2s)
2026-05-16 17:08:00,439 INFO| Epoch 79/149  lr=0.0005  β=0.239  v_loss=nan  D_kl=nan  acc=0.9957  tp=0.0000  tn=1.0000  (11.3s)
2026-05-16 17:08:11,832 INFO| Epoch 80/149  lr=0.0005  β=0.292  v_loss=nan  D_kl=nan  acc=0.9957  tp=0.0000  tn=1.0000  (11.4s)
2026-05-16 17:08:25,221 INFO| Epoch 81/149  lr=0.0005  β=0.346  v_loss=nan  D_kl=nan  acc=0.9957  tp=0.0000  tn=1.0000  (11.5s)
2026-05-16 17:08:36,586 INFO| Epoch 82/149  lr=0.0005  β=0.399  v_loss=nan  D_kl=nan  acc=0.9957  tp=0.0000  tn=1.0000  (11.4s)
2026-05-16 17:08:48,128 INFO| Epoch 83/149  lr=0.0005  β=0.452  v_loss=nan  D_kl=nan  acc=0.9957  tp=0.0000  tn=1.0000  (11.5s)
2026-05-16 17:08:59,503 INFO| Epoch 84/149  lr=0.0005  β=0.506  v_loss=nan  D_kl=nan  acc=0.9957  tp=0.0000  tn=1.0000  (11.4s)
2026-05-16 17:09:10,927 INFO| Epoch 85/149  lr=0.0005  β=0.559  v_loss=nan  D_kl=nan  acc=0.9957  tp=0.0000  tn=1.0000  (11.4s)
2026-05-16 17:09:23,432 INFO| Epoch 86/149  lr=0.0005  β=0.612  v_loss=nan  D_kl=nan  acc=0.9957  tp=0.0000  tn=1.0000  (11.4s)
2026-05-16 17:09:35,028 INFO| Epoch 87/149  lr=0.0005  β=0.666  v_loss=nan  D_kl=nan  acc=0.9957  tp=0.0000  tn=1.0000  (11.6s)
2026-05-16 17:09:46,370 INFO| Epoch 88/149  lr=0.0005  β=0.719  v_loss=nan  D_kl=nan  acc=0.9957  tp=0.0000  tn=1.0000  (11.3s)
2026-05-16 17:09:58,042 INFO| Epoch 89/149  lr=0.0005  β=0.772  v_loss=nan  D_kl=nan  acc=0.9957  tp=0.0000  tn=1.0000  (11.7s)
2026-05-16 17:10:09,469 INFO| Epoch 90/149  lr=0.0005  β=0.826  v_loss=nan  D_kl=nan  acc=0.9957  tp=0.0000  tn=1.0000  (11.4s)
2026-05-16 17:10:21,919 INFO| Epoch 91/149  lr=0.0005  β=0.879  v_loss=nan  D_kl=nan  acc=0.9957  tp=0.0000  tn=1.0000  (11.4s)
2026-05-16 17:10:33,418 INFO| Epoch 92/149  lr=0.0005  β=0.932  v_loss=nan  D_kl=nan  acc=0.9957  tp=0.0000  tn=1.0000  (11.5s)
2026-05-16 17:10:45,140 INFO| Epoch 93/149  lr=0.0005  β=0.984  v_loss=nan  D_kl=nan  acc=0.9957  tp=0.0000  tn=1.0000  (11.7s)
2026-05-16 17:10:56,600 INFO| Epoch 94/149  lr=0.0005  β=1.000  v_loss=nan  D_kl=nan  acc=0.9957  tp=0.0000  tn=1.0000  (11.5s)
2026-05-16 17:11:07,928 INFO| Epoch 95/149  lr=0.0005  β=1.000  v_loss=nan  D_kl=nan  acc=0.9957  tp=0.0000  tn=1.0000  (11.3s)
2026-05-16 17:11:20,382 INFO| Epoch 96/149  lr=0.0005  β=1.000  v_loss=nan  D_kl=nan  acc=0.9957  tp=0.0000  tn=1.0000  (11.4s)
2026-05-16 17:11:31,695 INFO| Epoch 97/149  lr=0.0005  β=1.000  v_loss=nan  D_kl=nan  acc=0.9957  tp=0.0000  tn=1.0000  (11.3s)
2026-05-16 17:11:42,879 INFO| Epoch 98/149  lr=0.0005  β=1.000  v_loss=nan  D_kl=nan  acc=0.9957  tp=0.0000  tn=1.0000  (11.2s)
2026-05-16 17:11:54,150 INFO| Epoch 99/149  lr=0.0005  β=1.000  v_loss=nan  D_kl=nan  acc=0.9957  tp=0.0000  tn=1.0000  (11.3s)
2026-05-16 17:12:05,765 INFO| Epoch 100/149  lr=0.0005  β=1.000  v_loss=nan  D_kl=nan  acc=0.9957  tp=0.0000  tn=1.0000  (11.6s)
2026-05-16 17:12:19,293 INFO| Epoch 101/149  lr=0.0005  β=1.000  v_loss=nan  D_kl=nan  acc=0.9957  tp=0.0000  tn=1.0000  (11.5s)
2026-05-16 17:12:30,736 INFO| Epoch 102/149  lr=0.0005  β=1.000  v_loss=nan  D_kl=nan  acc=0.9957  tp=0.0000  tn=1.0000  (11.4s)
2026-05-16 17:12:42,147 INFO| Epoch 103/149  lr=0.0005  β=1.000  v_loss=nan  D_kl=nan  acc=0.9957  tp=0.0000  tn=1.0000  (11.4s)
2026-05-16 17:12:53,640 INFO| Epoch 104/149  lr=0.0005  β=1.000  v_loss=nan  D_kl=nan  acc=0.9957  tp=0.0000  tn=1.0000  (11.5s)
2026-05-16 17:13:05,089 INFO| Epoch 105/149  lr=0.0005  β=1.000  v_loss=nan  D_kl=nan  acc=0.9957  tp=0.0000  tn=1.0000  (11.4s)
2026-05-16 17:13:17,670 INFO| Epoch 106/149  lr=0.0005  β=1.000  v_loss=nan  D_kl=nan  acc=0.9957  tp=0.0000  tn=1.0000  (11.5s)
2026-05-16 17:13:29,077 INFO| Epoch 107/149  lr=0.0005  β=1.000  v_loss=nan  D_kl=nan  acc=0.9957  tp=0.0000  tn=1.0000  (11.4s)
2026-05-16 17:13:40,628 INFO| Epoch 108/149  lr=0.0005  β=1.000  v_loss=nan  D_kl=nan  acc=0.9957  tp=0.0000  tn=1.0000  (11.6s)
2026-05-16 17:13:51,944 INFO| Epoch 109/149  lr=0.0005  β=1.000  v_loss=nan  D_kl=nan  acc=0.9957  tp=0.0000  tn=1.0000  (11.3s)
2026-05-16 17:14:03,543 INFO| Epoch 110/149  lr=0.0005  β=1.000  v_loss=nan  D_kl=nan  acc=0.9957  tp=0.0000  tn=1.0000  (11.6s)
2026-05-16 17:14:15,870 INFO| Epoch 111/149  lr=0.0005  β=1.000  v_loss=nan  D_kl=nan  acc=0.9957  tp=0.0000  tn=1.0000  (11.3s)
2026-05-16 17:14:27,512 INFO| Epoch 112/149  lr=0.0005  β=0.506  v_loss=nan  D_kl=nan  acc=0.9957  tp=0.0000  tn=1.0000  (11.6s)
2026-05-16 17:14:38,795 INFO| Epoch 113/149  lr=0.0005  β=0.052  v_loss=nan  D_kl=nan  acc=0.9957  tp=0.0000  tn=1.0000  (11.3s)
2026-05-16 17:14:50,367 INFO| Epoch 114/149  lr=0.0005  β=0.106  v_loss=nan  D_kl=nan  acc=0.9957  tp=0.0000  tn=1.0000  (11.6s)
2026-05-16 17:15:02,036 INFO| Epoch 115/149  lr=0.0005  β=0.159  v_loss=nan  D_kl=nan  acc=0.9957  tp=0.0000  tn=1.0000  (11.7s)
2026-05-16 17:15:14,523 INFO| Epoch 116/149  lr=0.0005  β=0.212  v_loss=nan  D_kl=nan  acc=0.9957  tp=0.0000  tn=1.0000  (11.4s)
2026-05-16 17:15:25,753 INFO| Epoch 117/149  lr=0.0005  β=0.266  v_loss=nan  D_kl=nan  acc=0.9957  tp=0.0000  tn=1.0000  (11.2s)
2026-05-16 17:15:37,266 INFO| Epoch 118/149  lr=0.0005  β=0.319  v_loss=nan  D_kl=nan  acc=0.9957  tp=0.0000  tn=1.0000  (11.5s)
2026-05-16 17:15:49,009 INFO| Epoch 119/149  lr=0.0005  β=0.372  v_loss=nan  D_kl=nan  acc=0.9957  tp=0.0000  tn=1.0000  (11.7s)
2026-05-16 17:16:00,381 INFO| Epoch 120/149  lr=0.0005  β=0.426  v_loss=nan  D_kl=nan  acc=0.9957  tp=0.0000  tn=1.0000  (11.4s)
2026-05-16 17:16:12,986 INFO| Epoch 121/149  lr=0.0005  β=0.479  v_loss=nan  D_kl=nan  acc=0.9957  tp=0.0000  tn=1.0000  (11.5s)
2026-05-16 17:16:24,335 INFO| Epoch 122/149  lr=0.0005  β=0.532  v_loss=nan  D_kl=nan  acc=0.9957  tp=0.0000  tn=1.0000  (11.3s)
2026-05-16 17:16:35,702 INFO| Epoch 123/149  lr=0.0005  β=0.586  v_loss=nan  D_kl=nan  acc=0.9957  tp=0.0000  tn=1.0000  (11.4s)
2026-05-16 17:16:47,199 INFO| Epoch 124/149  lr=0.0005  β=0.639  v_loss=nan  D_kl=nan  acc=0.9957  tp=0.0000  tn=1.0000  (11.5s)
2026-05-16 17:16:58,419 INFO| Epoch 125/149  lr=0.0005  β=0.692  v_loss=nan  D_kl=nan  acc=0.9957  tp=0.0000  tn=1.0000  (11.2s)
2026-05-16 17:17:11,963 INFO| Epoch 126/149  lr=0.0005  β=0.746  v_loss=nan  D_kl=nan  acc=0.9957  tp=0.0000  tn=1.0000  (11.5s)
2026-05-16 17:17:23,279 INFO| Epoch 127/149  lr=0.0005  β=0.799  v_loss=nan  D_kl=nan  acc=0.9957  tp=0.0000  tn=1.0000  (11.3s)
2026-05-16 17:17:34,714 INFO| Epoch 128/149  lr=0.0005  β=0.852  v_loss=nan  D_kl=nan  acc=0.9957  tp=0.0000  tn=1.0000  (11.4s)
2026-05-16 17:17:46,182 INFO| Epoch 129/149  lr=0.0005  β=0.906  v_loss=nan  D_kl=nan  acc=0.9957  tp=0.0000  tn=1.0000  (11.5s)
2026-05-16 17:17:57,636 INFO| Epoch 130/149  lr=0.0005  β=0.959  v_loss=nan  D_kl=nan  acc=0.9957  tp=0.0000  tn=1.0000  (11.5s)
2026-05-16 17:18:10,312 INFO| Epoch 131/149  lr=0.0005  β=0.998  v_loss=nan  D_kl=nan  acc=0.9957  tp=0.0000  tn=1.0000  (11.6s)
2026-05-16 17:18:22,050 INFO| Epoch 132/149  lr=0.0005  β=1.000  v_loss=nan  D_kl=nan  acc=0.9957  tp=0.0000  tn=1.0000  (11.7s)
2026-05-16 17:18:33,380 INFO| Epoch 133/149  lr=0.0005  β=1.000  v_loss=nan  D_kl=nan  acc=0.9957  tp=0.0000  tn=1.0000  (11.3s)
2026-05-16 17:18:44,957 INFO| Epoch 134/149  lr=0.0005  β=1.000  v_loss=nan  D_kl=nan  acc=0.9957  tp=0.0000  tn=1.0000  (11.6s)
2026-05-16 17:18:56,351 INFO| Epoch 135/149  lr=0.0005  β=1.000  v_loss=nan  D_kl=nan  acc=0.9957  tp=0.0000  tn=1.0000  (11.4s)
2026-05-16 17:19:08,821 INFO| Epoch 136/149  lr=0.0005  β=1.000  v_loss=nan  D_kl=nan  acc=0.9957  tp=0.0000  tn=1.0000  (11.3s)
2026-05-16 17:19:20,055 INFO| Epoch 137/149  lr=0.0005  β=1.000  v_loss=nan  D_kl=nan  acc=0.9957  tp=0.0000  tn=1.0000  (11.2s)
2026-05-16 17:19:31,335 INFO| Epoch 138/149  lr=0.0005  β=1.000  v_loss=nan  D_kl=nan  acc=0.9957  tp=0.0000  tn=1.0000  (11.3s)
2026-05-16 17:19:42,789 INFO| Epoch 139/149  lr=0.0005  β=1.000  v_loss=nan  D_kl=nan  acc=0.9957  tp=0.0000  tn=1.0000  (11.5s)
2026-05-16 17:19:54,218 INFO| Epoch 140/149  lr=0.0005  β=1.000  v_loss=nan  D_kl=nan  acc=0.9957  tp=0.0000  tn=1.0000  (11.4s)
2026-05-16 17:20:06,689 INFO| Epoch 141/149  lr=0.0005  β=1.000  v_loss=nan  D_kl=nan  acc=0.9957  tp=0.0000  tn=1.0000  (11.4s)
2026-05-16 17:20:18,359 INFO| Epoch 142/149  lr=0.0005  β=1.000  v_loss=nan  D_kl=nan  acc=0.9957  tp=0.0000  tn=1.0000  (11.7s)
2026-05-16 17:20:29,793 INFO| Epoch 143/149  lr=0.0005  β=1.000  v_loss=nan  D_kl=nan  acc=0.9957  tp=0.0000  tn=1.0000  (11.4s)
2026-05-16 17:20:41,387 INFO| Epoch 144/149  lr=0.0005  β=1.000  v_loss=nan  D_kl=nan  acc=0.9957  tp=0.0000  tn=1.0000  (11.6s)
2026-05-16 17:20:52,810 INFO| Epoch 145/149  lr=0.0005  β=1.000  v_loss=nan  D_kl=nan  acc=0.9957  tp=0.0000  tn=1.0000  (11.4s)
2026-05-16 17:21:05,293 INFO| Epoch 146/149  lr=0.0005  β=1.000  v_loss=nan  D_kl=nan  acc=0.9957  tp=0.0000  tn=1.0000  (11.4s)
2026-05-16 17:21:16,592 INFO| Epoch 147/149  lr=0.0005  β=1.000  v_loss=nan  D_kl=nan  acc=0.9957  tp=0.0000  tn=1.0000  (11.3s)
2026-05-16 17:21:27,850 INFO| Epoch 148/149  lr=0.0005  β=1.000  v_loss=nan  D_kl=nan  acc=0.9957  tp=0.0000  tn=1.0000  (11.3s)
2026-05-16 17:21:39,255 INFO| Epoch 149/149  lr=0.0005  β=1.000  v_loss=nan  D_kl=nan  acc=0.9957  tp=0.0000  tn=1.0000  (11.4s)
2026-05-16 17:21:40,245 INFO| Training done.

real	29m20.991s
user	80m15.397s
sys	15m32.412s
